{"C:\\Users\\betti\\Documents\\STUDIER\\KYH-PVT-2022\\HT23-Testautomatisering\\Inlämning3-Unittestning-React-Jest\\Filmvisarna\\client\\src\\styles.js": {"path":"C:\\Users\\betti\\Documents\\STUDIER\\KYH-PVT-2022\\HT23-Testautomatisering\\Inlämning3-Unittestning-React-Jest\\Filmvisarna\\client\\src\\styles.js","statementMap":{"0":{"start":{"line":1,"column":15},"end":{"line":63,"column":1}}},"fnMap":{},"branchMap":{},"s":{"0":1},"f":{},"b":{},"_coverageSchema":"1a1c01bbd47fc00a2c39e90264f33305004495a9","hash":"083811ce2345bcb8615f0b10186d52f4fc4db989"}
,"C:\\Users\\betti\\Documents\\STUDIER\\KYH-PVT-2022\\HT23-Testautomatisering\\Inlämning3-Unittestning-React-Jest\\Filmvisarna\\client\\src\\assets\\index.js": {"path":"C:\\Users\\betti\\Documents\\STUDIER\\KYH-PVT-2022\\HT23-Testautomatisering\\Inlämning3-Unittestning-React-Jest\\Filmvisarna\\client\\src\\assets\\index.js","statementMap":{},"fnMap":{},"branchMap":{},"s":{},"f":{},"b":{},"_coverageSchema":"1a1c01bbd47fc00a2c39e90264f33305004495a9","hash":"61b13061d25ca657311af9928908186064e0e776"}
,"C:\\Users\\betti\\Documents\\STUDIER\\KYH-PVT-2022\\HT23-Testautomatisering\\Inlämning3-Unittestning-React-Jest\\Filmvisarna\\client\\src\\components\\Loader.jsx": {"path":"C:\\Users\\betti\\Documents\\STUDIER\\KYH-PVT-2022\\HT23-Testautomatisering\\Inlämning3-Unittestning-React-Jest\\Filmvisarna\\client\\src\\components\\Loader.jsx","statementMap":{"0":{"start":{"line":2,"column":2},"end":{"line":22,"column":4}}},"fnMap":{"0":{"name":"Loader","decl":{"start":{"line":1,"column":24},"end":{"line":1,"column":30}},"loc":{"start":{"line":1,"column":33},"end":{"line":23,"column":1}},"line":1}},"branchMap":{},"s":{"0":0},"f":{"0":0},"b":{},"_coverageSchema":"1a1c01bbd47fc00a2c39e90264f33305004495a9","hash":"822123b428475a2080277eaa950b812d4c89b1ac"}
,"C:\\Users\\betti\\Documents\\STUDIER\\KYH-PVT-2022\\HT23-Testautomatisering\\Inlämning3-Unittestning-React-Jest\\Filmvisarna\\client\\src\\components\\bookMovie\\BookingTicketsForm.jsx": {"path":"C:\\Users\\betti\\Documents\\STUDIER\\KYH-PVT-2022\\HT23-Testautomatisering\\Inlämning3-Unittestning-React-Jest\\Filmvisarna\\client\\src\\components\\bookMovie\\BookingTicketsForm.jsx","statementMap":{"0":{"start":{"line":7,"column":14},"end":{"line":7,"column":39}},"1":{"start":{"line":8,"column":21},"end":{"line":8,"column":34}},"2":{"start":{"line":9,"column":4},"end":{"line":11,"column":11}},"3":{"start":{"line":10,"column":8},"end":{"line":10,"column":30}},"4":{"start":{"line":13,"column":8},"end":{"line":13,"column":75}},"5":{"start":{"line":16,"column":4},"end":{"line":37,"column":5}},"6":{"start":{"line":25,"column":100},"end":{"line":25,"column":123}},"7":{"start":{"line":26,"column":117},"end":{"line":26,"column":132}}},"fnMap":{"0":{"name":"BookingTicketsForm","decl":{"start":{"line":6,"column":24},"end":{"line":6,"column":42}},"loc":{"start":{"line":6,"column":76},"end":{"line":38,"column":1}},"line":6},"1":{"name":"(anonymous_1)","decl":{"start":{"line":9,"column":14},"end":{"line":9,"column":15}},"loc":{"start":{"line":9,"column":20},"end":{"line":11,"column":5}},"line":9},"2":{"name":"handleChange","decl":{"start":{"line":12,"column":13},"end":{"line":12,"column":25}},"loc":{"start":{"line":12,"column":29},"end":{"line":15,"column":5}},"line":12},"3":{"name":"(anonymous_3)","decl":{"start":{"line":25,"column":94},"end":{"line":25,"column":95}},"loc":{"start":{"line":25,"column":100},"end":{"line":25,"column":123}},"line":25},"4":{"name":"(anonymous_4)","decl":{"start":{"line":26,"column":111},"end":{"line":26,"column":112}},"loc":{"start":{"line":26,"column":117},"end":{"line":26,"column":132}},"line":26}},"branchMap":{},"s":{"0":5,"1":5,"2":5,"3":5,"4":0,"5":5,"6":2,"7":0},"f":{"0":5,"1":5,"2":0,"3":2,"4":0},"b":{},"_coverageSchema":"1a1c01bbd47fc00a2c39e90264f33305004495a9","hash":"f636644f9ca41c621d560d545ab263581d4d5de5"}
,"C:\\Users\\betti\\Documents\\STUDIER\\KYH-PVT-2022\\HT23-Testautomatisering\\Inlämning3-Unittestning-React-Jest\\Filmvisarna\\client\\src\\components\\bookMovie\\ConfirmBooking.jsx": {"path":"C:\\Users\\betti\\Documents\\STUDIER\\KYH-PVT-2022\\HT23-Testautomatisering\\Inlämning3-Unittestning-React-Jest\\Filmvisarna\\client\\src\\components\\bookMovie\\ConfirmBooking.jsx","statementMap":{"0":{"start":{"line":10,"column":19},"end":{"line":10,"column":32}},"1":{"start":{"line":11,"column":2},"end":{"line":13,"column":9}},"2":{"start":{"line":12,"column":4},"end":{"line":12,"column":26}},"3":{"start":{"line":14,"column":2},"end":{"line":82,"column":4}},"4":{"start":{"line":64,"column":104},"end":{"line":64,"column":111}},"5":{"start":{"line":65,"column":108},"end":{"line":65,"column":123}},"6":{"start":{"line":73,"column":31},"end":{"line":73,"column":44}},"7":{"start":{"line":85,"column":0},"end":{"line":89,"column":1}}},"fnMap":{"0":{"name":"ConfirmBooking","decl":{"start":{"line":7,"column":24},"end":{"line":7,"column":38}},"loc":{"start":{"line":7,"column":93},"end":{"line":83,"column":1}},"line":7},"1":{"name":"(anonymous_1)","decl":{"start":{"line":11,"column":12},"end":{"line":11,"column":13}},"loc":{"start":{"line":11,"column":18},"end":{"line":13,"column":3}},"line":11},"2":{"name":"(anonymous_2)","decl":{"start":{"line":64,"column":95},"end":{"line":64,"column":96}},"loc":{"start":{"line":64,"column":104},"end":{"line":64,"column":111}},"line":64},"3":{"name":"(anonymous_3)","decl":{"start":{"line":65,"column":98},"end":{"line":65,"column":99}},"loc":{"start":{"line":65,"column":108},"end":{"line":65,"column":123}},"line":65},"4":{"name":"(anonymous_4)","decl":{"start":{"line":73,"column":25},"end":{"line":73,"column":26}},"loc":{"start":{"line":73,"column":31},"end":{"line":73,"column":44}},"line":73}},"branchMap":{"0":{"loc":{"start":{"line":22,"column":9},"end":{"line":72,"column":13}},"type":"binary-expr","locations":[{"start":{"line":22,"column":9},"end":{"line":22,"column":22}},{"start":{"line":22,"column":26},"end":{"line":22,"column":31}},{"start":{"line":22,"column":35},"end":{"line":22,"column":44}},{"start":{"line":23,"column":10},"end":{"line":72,"column":13}}],"line":22},"1":{"loc":{"start":{"line":34,"column":45},"end":{"line":34,"column":124}},"type":"cond-expr","locations":[{"start":{"line":34,"column":74},"end":{"line":34,"column":93}},{"start":{"line":34,"column":96},"end":{"line":34,"column":124}}],"line":34},"2":{"loc":{"start":{"line":39,"column":15},"end":{"line":41,"column":15}},"type":"binary-expr","locations":[{"start":{"line":39,"column":15},"end":{"line":39,"column":28}},{"start":{"line":39,"column":32},"end":{"line":39,"column":48}},{"start":{"line":40,"column":16},"end":{"line":40,"column":137}}],"line":39},"3":{"loc":{"start":{"line":43,"column":15},"end":{"line":48,"column":15}},"type":"binary-expr","locations":[{"start":{"line":43,"column":15},"end":{"line":43,"column":28}},{"start":{"line":43,"column":32},"end":{"line":43,"column":47}},{"start":{"line":44,"column":16},"end":{"line":47,"column":22}}],"line":43},"4":{"loc":{"start":{"line":55,"column":20},"end":{"line":55,"column":107}},"type":"cond-expr","locations":[{"start":{"line":55,"column":59},"end":{"line":55,"column":100}},{"start":{"line":55,"column":103},"end":{"line":55,"column":107}}],"line":55},"5":{"loc":{"start":{"line":56,"column":18},"end":{"line":56,"column":103}},"type":"cond-expr","locations":[{"start":{"line":56,"column":55},"end":{"line":56,"column":96}},{"start":{"line":56,"column":99},"end":{"line":56,"column":103}}],"line":56},"6":{"loc":{"start":{"line":57,"column":18},"end":{"line":57,"column":104}},"type":"cond-expr","locations":[{"start":{"line":57,"column":57},"end":{"line":57,"column":97}},{"start":{"line":57,"column":100},"end":{"line":57,"column":104}}],"line":57},"7":{"loc":{"start":{"line":58,"column":18},"end":{"line":58,"column":111}},"type":"cond-expr","locations":[{"start":{"line":58,"column":58},"end":{"line":58,"column":104}},{"start":{"line":58,"column":107},"end":{"line":58,"column":111}}],"line":58},"8":{"loc":{"start":{"line":59,"column":18},"end":{"line":59,"column":111}},"type":"cond-expr","locations":[{"start":{"line":59,"column":56},"end":{"line":59,"column":104}},{"start":{"line":59,"column":107},"end":{"line":59,"column":111}}],"line":59}},"s":{"0":1,"1":1,"2":1,"3":1,"4":2,"5":2,"6":0,"7":1},"f":{"0":1,"1":1,"2":2,"3":2,"4":0},"b":{"0":[1,1,1,1],"1":[0,1],"2":[1,1,1],"3":[1,1,0],"4":[0,1],"5":[1,0],"6":[1,0],"7":[0,1],"8":[0,1]},"_coverageSchema":"1a1c01bbd47fc00a2c39e90264f33305004495a9","hash":"b1dc3ad3ce22bee99aec9eb8ab69ca5ad8310518"}
,"C:\\Users\\betti\\Documents\\STUDIER\\KYH-PVT-2022\\HT23-Testautomatisering\\Inlämning3-Unittestning-React-Jest\\Filmvisarna\\client\\src\\components\\userPage\\CancelBooking.jsx": {"path":"C:\\Users\\betti\\Documents\\STUDIER\\KYH-PVT-2022\\HT23-Testautomatisering\\Inlämning3-Unittestning-React-Jest\\Filmvisarna\\client\\src\\components\\userPage\\CancelBooking.jsx","statementMap":{"0":{"start":{"line":9,"column":21},"end":{"line":9,"column":77}},"1":{"start":{"line":10,"column":8},"end":{"line":14,"column":9}},"2":{"start":{"line":11,"column":12},"end":{"line":11,"column":37}},"3":{"start":{"line":13,"column":12},"end":{"line":13,"column":35}},"4":{"start":{"line":16,"column":2},"end":{"line":57,"column":3}},"5":{"start":{"line":42,"column":137},"end":{"line":42,"column":144}},"6":{"start":{"line":44,"column":20},"end":{"line":48,"column":21}},"7":{"start":{"line":45,"column":24},"end":{"line":45,"column":46}},"8":{"start":{"line":47,"column":24},"end":{"line":47,"column":53}},"9":{"start":{"line":52,"column":76},"end":{"line":52,"column":102}},"10":{"start":{"line":52,"column":208},"end":{"line":52,"column":224}}},"fnMap":{"0":{"name":"CancelBooking","decl":{"start":{"line":7,"column":24},"end":{"line":7,"column":37}},"loc":{"start":{"line":7,"column":60},"end":{"line":58,"column":1}},"line":7},"1":{"name":"cancelBooking","decl":{"start":{"line":8,"column":19},"end":{"line":8,"column":32}},"loc":{"start":{"line":8,"column":37},"end":{"line":15,"column":5}},"line":8},"2":{"name":"(anonymous_2)","decl":{"start":{"line":42,"column":128},"end":{"line":42,"column":129}},"loc":{"start":{"line":42,"column":137},"end":{"line":42,"column":144}},"line":42},"3":{"name":"(anonymous_3)","decl":{"start":{"line":43,"column":112},"end":{"line":43,"column":113}},"loc":{"start":{"line":43,"column":125},"end":{"line":49,"column":17}},"line":43},"4":{"name":"(anonymous_4)","decl":{"start":{"line":52,"column":70},"end":{"line":52,"column":71}},"loc":{"start":{"line":52,"column":76},"end":{"line":52,"column":102}},"line":52},"5":{"name":"(anonymous_5)","decl":{"start":{"line":52,"column":202},"end":{"line":52,"column":203}},"loc":{"start":{"line":52,"column":208},"end":{"line":52,"column":224}},"line":52}},"branchMap":{"0":{"loc":{"start":{"line":10,"column":8},"end":{"line":14,"column":9}},"type":"if","locations":[{"start":{"line":10,"column":8},"end":{"line":14,"column":9}},{"start":{"line":12,"column":15},"end":{"line":14,"column":9}}],"line":10},"1":{"loc":{"start":{"line":32,"column":9},"end":{"line":54,"column":18}},"type":"binary-expr","locations":[{"start":{"line":32,"column":9},"end":{"line":32,"column":16}},{"start":{"line":33,"column":12},"end":{"line":54,"column":18}}],"line":32},"2":{"loc":{"start":{"line":42,"column":95},"end":{"line":42,"column":169}},"type":"cond-expr","locations":[{"start":{"line":42,"column":110},"end":{"line":42,"column":156}},{"start":{"line":42,"column":158},"end":{"line":42,"column":169}}],"line":42},"3":{"loc":{"start":{"line":44,"column":20},"end":{"line":48,"column":21}},"type":"if","locations":[{"start":{"line":44,"column":20},"end":{"line":48,"column":21}},{"start":{"line":46,"column":27},"end":{"line":48,"column":21}}],"line":44},"4":{"loc":{"start":{"line":51,"column":100},"end":{"line":51,"column":136}},"type":"cond-expr","locations":[{"start":{"line":51,"column":117},"end":{"line":51,"column":124}},{"start":{"line":51,"column":127},"end":{"line":51,"column":136}}],"line":51}},"s":{"0":0,"1":0,"2":0,"3":0,"4":5,"5":10,"6":10,"7":5,"8":5,"9":0,"10":0},"f":{"0":5,"1":0,"2":10,"3":10,"4":0,"5":0},"b":{"0":[0,0],"1":[5,5],"2":[5,0],"3":[5,5],"4":[0,5]},"_coverageSchema":"1a1c01bbd47fc00a2c39e90264f33305004495a9","hash":"b8a9e43a41351949101a33885ffd9016b9d13fe1"}
,"C:\\Users\\betti\\Documents\\STUDIER\\KYH-PVT-2022\\HT23-Testautomatisering\\Inlämning3-Unittestning-React-Jest\\Filmvisarna\\client\\src\\hooks\\useFormDefaults.js": {"path":"C:\\Users\\betti\\Documents\\STUDIER\\KYH-PVT-2022\\HT23-Testautomatisering\\Inlämning3-Unittestning-React-Jest\\Filmvisarna\\client\\src\\hooks\\useFormDefaults.js","statementMap":{"0":{"start":{"line":6,"column":34},"end":{"line":6,"column":46}},"1":{"start":{"line":14,"column":22},"end":{"line":14,"column":26}},"2":{"start":{"line":17,"column":4},"end":{"line":32,"column":6}},"3":{"start":{"line":26,"column":8},"end":{"line":26,"column":55}},"4":{"start":{"line":29,"column":8},"end":{"line":29,"column":69}},"5":{"start":{"line":34,"column":2},"end":{"line":34,"column":45}}},"fnMap":{"0":{"name":"useFormDefaults","decl":{"start":{"line":4,"column":16},"end":{"line":4,"column":31}},"loc":{"start":{"line":4,"column":34},"end":{"line":36,"column":1}},"line":4},"1":{"name":"defaults","decl":{"start":{"line":10,"column":11},"end":{"line":10,"column":19}},"loc":{"start":{"line":16,"column":4},"end":{"line":33,"column":3}},"line":16},"2":{"name":"(anonymous_2)","decl":{"start":{"line":14,"column":16},"end":{"line":14,"column":17}},"loc":{"start":{"line":14,"column":22},"end":{"line":14,"column":26}},"line":14},"3":{"name":"(anonymous_3)","decl":{"start":{"line":25,"column":16},"end":{"line":25,"column":17}},"loc":{"start":{"line":25,"column":35},"end":{"line":30,"column":7}},"line":25}},"branchMap":{"0":{"loc":{"start":{"line":13,"column":4},"end":{"line":13,"column":17}},"type":"default-arg","locations":[{"start":{"line":13,"column":15},"end":{"line":13,"column":17}}],"line":13},"1":{"loc":{"start":{"line":14,"column":4},"end":{"line":14,"column":26}},"type":"default-arg","locations":[{"start":{"line":14,"column":16},"end":{"line":14,"column":26}}],"line":14},"2":{"loc":{"start":{"line":15,"column":4},"end":{"line":15,"column":34}},"type":"default-arg","locations":[{"start":{"line":15,"column":21},"end":{"line":15,"column":34}}],"line":15},"3":{"loc":{"start":{"line":19,"column":13},"end":{"line":19,"column":33}},"type":"binary-expr","locations":[{"start":{"line":19,"column":13},"end":{"line":19,"column":27}},{"start":{"line":19,"column":31},"end":{"line":19,"column":33}}],"line":19},"4":{"loc":{"start":{"line":29,"column":28},"end":{"line":29,"column":68}},"type":"cond-expr","locations":[{"start":{"line":29,"column":49},"end":{"line":29,"column":51}},{"start":{"line":29,"column":54},"end":{"line":29,"column":68}}],"line":29}},"s":{"0":1,"1":0,"2":6,"3":0,"4":0,"5":1},"f":{"0":1,"1":6,"2":0,"3":0},"b":{"0":[3],"1":[3],"2":[3],"3":[6,6],"4":[0,0]},"_coverageSchema":"1a1c01bbd47fc00a2c39e90264f33305004495a9","hash":"9fc27294b643275e6cc26f8a85022ec5e382867e"}
,"C:\\Users\\betti\\Documents\\STUDIER\\KYH-PVT-2022\\HT23-Testautomatisering\\Inlämning3-Unittestning-React-Jest\\Filmvisarna\\client\\src\\pages\\Register.jsx": {"path":"C:\\Users\\betti\\Documents\\STUDIER\\KYH-PVT-2022\\HT23-Testautomatisering\\Inlämning3-Unittestning-React-Jest\\Filmvisarna\\client\\src\\pages\\Register.jsx","statementMap":{"0":{"start":{"line":10,"column":44},"end":{"line":10,"column":78}},"1":{"start":{"line":11,"column":53},"end":{"line":11,"column":68}},"2":{"start":{"line":13,"column":4},"end":{"line":13,"column":19}},"3":{"start":{"line":14,"column":30},"end":{"line":14,"column":45}},"4":{"start":{"line":18,"column":19},"end":{"line":18,"column":32}},"5":{"start":{"line":22,"column":31},"end":{"line":22,"column":48}},"6":{"start":{"line":30,"column":4},"end":{"line":30,"column":23}},"7":{"start":{"line":31,"column":4},"end":{"line":31,"column":27}},"8":{"start":{"line":32,"column":4},"end":{"line":32,"column":24}},"9":{"start":{"line":33,"column":4},"end":{"line":33,"column":24}},"10":{"start":{"line":34,"column":4},"end":{"line":34,"column":27}},"11":{"start":{"line":35,"column":4},"end":{"line":35,"column":35}},"12":{"start":{"line":38,"column":26},"end":{"line":44,"column":3}},"13":{"start":{"line":53,"column":4},"end":{"line":53,"column":20}},"14":{"start":{"line":54,"column":4},"end":{"line":84,"column":5}},"15":{"start":{"line":55,"column":6},"end":{"line":55,"column":25}},"16":{"start":{"line":56,"column":21},"end":{"line":60,"column":7}},"17":{"start":{"line":62,"column":6},"end":{"line":78,"column":7}},"18":{"start":{"line":63,"column":8},"end":{"line":63,"column":61}},"19":{"start":{"line":64,"column":8},"end":{"line":64,"column":34}},"20":{"start":{"line":65,"column":21},"end":{"line":68,"column":10}},"21":{"start":{"line":70,"column":8},"end":{"line":72,"column":9}},"22":{"start":{"line":71,"column":10},"end":{"line":71,"column":56}},"23":{"start":{"line":73,"column":8},"end":{"line":73,"column":20}},"24":{"start":{"line":74,"column":8},"end":{"line":74,"column":30}},"25":{"start":{"line":75,"column":13},"end":{"line":78,"column":7}},"26":{"start":{"line":76,"column":8},"end":{"line":76,"column":66}},"27":{"start":{"line":77,"column":8},"end":{"line":77,"column":42}},"28":{"start":{"line":80,"column":6},"end":{"line":80,"column":25}},"29":{"start":{"line":81,"column":6},"end":{"line":83,"column":8}},"30":{"start":{"line":85,"column":4},"end":{"line":85,"column":21}},"31":{"start":{"line":89,"column":28},"end":{"line":94,"column":3}},"32":{"start":{"line":90,"column":4},"end":{"line":90,"column":31}},"33":{"start":{"line":92,"column":4},"end":{"line":92,"column":18}},"34":{"start":{"line":93,"column":4},"end":{"line":93,"column":29}},"35":{"start":{"line":96,"column":2},"end":{"line":251,"column":4}},"36":{"start":{"line":124,"column":27},"end":{"line":124,"column":36}},"37":{"start":{"line":160,"column":23},"end":{"line":160,"column":40}},"38":{"start":{"line":183,"column":23},"end":{"line":183,"column":79}},"39":{"start":{"line":199,"column":23},"end":{"line":199,"column":48}}},"fnMap":{"0":{"name":"Register","decl":{"start":{"line":9,"column":24},"end":{"line":9,"column":32}},"loc":{"start":{"line":9,"column":35},"end":{"line":252,"column":1}},"line":9},"1":{"name":"resetForm","decl":{"start":{"line":29,"column":11},"end":{"line":29,"column":20}},"loc":{"start":{"line":29,"column":23},"end":{"line":36,"column":3}},"line":29},"2":{"name":"SignUp","decl":{"start":{"line":52,"column":17},"end":{"line":52,"column":23}},"loc":{"start":{"line":52,"column":27},"end":{"line":86,"column":3}},"line":52},"3":{"name":"(anonymous_3)","decl":{"start":{"line":89,"column":28},"end":{"line":89,"column":29}},"loc":{"start":{"line":89,"column":34},"end":{"line":94,"column":3}},"line":89},"4":{"name":"(anonymous_4)","decl":{"start":{"line":124,"column":20},"end":{"line":124,"column":21}},"loc":{"start":{"line":124,"column":27},"end":{"line":124,"column":36}},"line":124},"5":{"name":"(anonymous_5)","decl":{"start":{"line":160,"column":14},"end":{"line":160,"column":15}},"loc":{"start":{"line":160,"column":23},"end":{"line":160,"column":40}},"line":160},"6":{"name":"(anonymous_6)","decl":{"start":{"line":183,"column":14},"end":{"line":183,"column":15}},"loc":{"start":{"line":183,"column":23},"end":{"line":183,"column":79}},"line":183},"7":{"name":"(anonymous_7)","decl":{"start":{"line":199,"column":14},"end":{"line":199,"column":15}},"loc":{"start":{"line":199,"column":23},"end":{"line":199,"column":48}},"line":199}},"branchMap":{"0":{"loc":{"start":{"line":62,"column":6},"end":{"line":78,"column":7}},"type":"if","locations":[{"start":{"line":62,"column":6},"end":{"line":78,"column":7}},{"start":{"line":75,"column":13},"end":{"line":78,"column":7}}],"line":62},"1":{"loc":{"start":{"line":70,"column":8},"end":{"line":72,"column":9}},"type":"if","locations":[{"start":{"line":70,"column":8},"end":{"line":72,"column":9}},{"start":{},"end":{}}],"line":70},"2":{"loc":{"start":{"line":75,"column":13},"end":{"line":78,"column":7}},"type":"if","locations":[{"start":{"line":75,"column":13},"end":{"line":78,"column":7}},{"start":{},"end":{}}],"line":75},"3":{"loc":{"start":{"line":127,"column":11},"end":{"line":133,"column":11}},"type":"binary-expr","locations":[{"start":{"line":127,"column":11},"end":{"line":127,"column":30}},{"start":{"line":128,"column":12},"end":{"line":132,"column":15}}],"line":127},"4":{"loc":{"start":{"line":183,"column":23},"end":{"line":183,"column":79}},"type":"binary-expr","locations":[{"start":{"line":183,"column":23},"end":{"line":183,"column":37}},{"start":{"line":183,"column":41},"end":{"line":183,"column":58}},{"start":{"line":183,"column":62},"end":{"line":183,"column":79}}],"line":183},"5":{"loc":{"start":{"line":205,"column":11},"end":{"line":209,"column":11}},"type":"binary-expr","locations":[{"start":{"line":205,"column":11},"end":{"line":205,"column":35}},{"start":{"line":206,"column":12},"end":{"line":208,"column":18}}],"line":205},"6":{"loc":{"start":{"line":212,"column":11},"end":{"line":222,"column":11}},"type":"cond-expr","locations":[{"start":{"line":213,"column":12},"end":{"line":219,"column":21}},{"start":{"line":221,"column":12},"end":{"line":221,"column":22}}],"line":212},"7":{"loc":{"start":{"line":225,"column":11},"end":{"line":247,"column":11}},"type":"binary-expr","locations":[{"start":{"line":225,"column":11},"end":{"line":225,"column":30}},{"start":{"line":226,"column":12},"end":{"line":246,"column":18}}],"line":225}},"s":{"0":1,"1":1,"2":1,"3":1,"4":1,"5":1,"6":0,"7":0,"8":0,"9":0,"10":0,"11":0,"12":1,"13":0,"14":0,"15":0,"16":0,"17":0,"18":0,"19":0,"20":0,"21":0,"22":0,"23":0,"24":0,"25":0,"26":0,"27":0,"28":0,"29":0,"30":0,"31":1,"32":0,"33":0,"34":0,"35":1,"36":0,"37":0,"38":0,"39":0},"f":{"0":1,"1":0,"2":0,"3":0,"4":0,"5":0,"6":0,"7":0},"b":{"0":[0,0],"1":[0,0],"2":[0,0],"3":[1,0],"4":[0,0,0],"5":[1,0],"6":[1,0],"7":[1,0]},"_coverageSchema":"1a1c01bbd47fc00a2c39e90264f33305004495a9","hash":"5e74d2cb64bf7201025d3254d1d371755a28a4e6"}
,"C:\\Users\\betti\\Documents\\STUDIER\\KYH-PVT-2022\\HT23-Testautomatisering\\Inlämning3-Unittestning-React-Jest\\Filmvisarna\\client\\src\\react-easier\\index.js": {"path":"C:\\Users\\betti\\Documents\\STUDIER\\KYH-PVT-2022\\HT23-Testautomatisering\\Inlämning3-Unittestning-React-Jest\\Filmvisarna\\client\\src\\react-easier\\index.js","statementMap":{},"fnMap":{},"branchMap":{},"s":{},"f":{},"b":{},"_coverageSchema":"1a1c01bbd47fc00a2c39e90264f33305004495a9","hash":"e42d68efc8066b0dfb93c4ff3cad5f0835b055c4"}
,"C:\\Users\\betti\\Documents\\STUDIER\\KYH-PVT-2022\\HT23-Testautomatisering\\Inlämning3-Unittestning-React-Jest\\Filmvisarna\\client\\src\\react-easier\\useAutoKeys.js": {"path":"C:\\Users\\betti\\Documents\\STUDIER\\KYH-PVT-2022\\HT23-Testautomatisering\\Inlämning3-Unittestning-React-Jest\\Filmvisarna\\client\\src\\react-easier\\useAutoKeys.js","statementMap":{"0":{"start":{"line":11,"column":4},"end":{"line":11,"column":60}},"1":{"start":{"line":14,"column":2},"end":{"line":14,"column":35}},"2":{"start":{"line":14,"column":26},"end":{"line":14,"column":33}},"3":{"start":{"line":17,"column":2},"end":{"line":23,"column":17}},"4":{"start":{"line":19,"column":23},"end":{"line":19,"column":74}},"5":{"start":{"line":23,"column":8},"end":{"line":23,"column":15}},"6":{"start":{"line":26,"column":15},"end":{"line":26,"column":40}},"7":{"start":{"line":29,"column":2},"end":{"line":58,"column":4}},"8":{"start":{"line":32,"column":17},"end":{"line":32,"column":41}},"9":{"start":{"line":35,"column":4},"end":{"line":37,"column":5}},"10":{"start":{"line":35,"column":45},"end":{"line":35,"column":62}},"11":{"start":{"line":36,"column":6},"end":{"line":36,"column":20}},"12":{"start":{"line":42,"column":24},"end":{"line":42,"column":31}},"13":{"start":{"line":43,"column":4},"end":{"line":48,"column":5}},"14":{"start":{"line":43,"column":15},"end":{"line":48,"column":5}},"15":{"start":{"line":44,"column":6},"end":{"line":47,"column":7}},"16":{"start":{"line":45,"column":8},"end":{"line":45,"column":72}},"17":{"start":{"line":46,"column":8},"end":{"line":46,"column":42}},"18":{"start":{"line":46,"column":24},"end":{"line":46,"column":40}},"19":{"start":{"line":51,"column":20},"end":{"line":52,"column":56}},"20":{"start":{"line":52,"column":6},"end":{"line":52,"column":55}},"21":{"start":{"line":55,"column":4},"end":{"line":57,"column":43}},"22":{"start":{"line":56,"column":6},"end":{"line":57,"column":41}}},"fnMap":{"0":{"name":"useAutoKeys","decl":{"start":{"line":4,"column":16},"end":{"line":4,"column":27}},"loc":{"start":{"line":7,"column":2},"end":{"line":59,"column":1}},"line":7},"1":{"name":"(anonymous_1)","decl":{"start":{"line":19,"column":18},"end":{"line":19,"column":19}},"loc":{"start":{"line":19,"column":23},"end":{"line":19,"column":74}},"line":19},"2":{"name":"(anonymous_2)","decl":{"start":{"line":29,"column":11},"end":{"line":29,"column":12}},"loc":{"start":{"line":29,"column":30},"end":{"line":58,"column":3}},"line":29},"3":{"name":"(anonymous_3)","decl":{"start":{"line":35,"column":40},"end":{"line":35,"column":41}},"loc":{"start":{"line":35,"column":45},"end":{"line":35,"column":62}},"line":35},"4":{"name":"(anonymous_4)","decl":{"start":{"line":51,"column":38},"end":{"line":51,"column":39}},"loc":{"start":{"line":52,"column":6},"end":{"line":52,"column":55}},"line":52},"5":{"name":"(anonymous_5)","decl":{"start":{"line":55,"column":31},"end":{"line":55,"column":32}},"loc":{"start":{"line":56,"column":6},"end":{"line":57,"column":41}},"line":56}},"branchMap":{"0":{"loc":{"start":{"line":5,"column":2},"end":{"line":5,"column":49}},"type":"default-arg","locations":[{"start":{"line":5,"column":17},"end":{"line":5,"column":49}}],"line":5},"1":{"loc":{"start":{"line":6,"column":2},"end":{"line":6,"column":32}},"type":"default-arg","locations":[{"start":{"line":6,"column":28},"end":{"line":6,"column":32}}],"line":6},"2":{"loc":{"start":{"line":14,"column":2},"end":{"line":14,"column":35}},"type":"if","locations":[{"start":{"line":14,"column":2},"end":{"line":14,"column":35}},{"start":{},"end":{}}],"line":14},"3":{"loc":{"start":{"line":17,"column":2},"end":{"line":23,"column":17}},"type":"if","locations":[{"start":{"line":17,"column":2},"end":{"line":23,"column":17}},{"start":{},"end":{}}],"line":17},"4":{"loc":{"start":{"line":18,"column":4},"end":{"line":20,"column":74}},"type":"binary-expr","locations":[{"start":{"line":18,"column":4},"end":{"line":19,"column":76}},{"start":{"line":20,"column":7},"end":{"line":20,"column":74}}],"line":18},"5":{"loc":{"start":{"line":18,"column":6},"end":{"line":19,"column":75}},"type":"binary-expr","locations":[{"start":{"line":18,"column":6},"end":{"line":18,"column":28}},{"start":{"line":19,"column":6},"end":{"line":19,"column":75}}],"line":18},"6":{"loc":{"start":{"line":19,"column":23},"end":{"line":19,"column":74}},"type":"binary-expr","locations":[{"start":{"line":19,"column":23},"end":{"line":19,"column":24}},{"start":{"line":19,"column":29},"end":{"line":19,"column":50}},{"start":{"line":19,"column":54},"end":{"line":19,"column":73}}],"line":19},"7":{"loc":{"start":{"line":21,"column":4},"end":{"line":22,"column":70}},"type":"binary-expr","locations":[{"start":{"line":21,"column":4},"end":{"line":21,"column":22}},{"start":{"line":21,"column":26},"end":{"line":21,"column":35}},{"start":{"line":22,"column":7},"end":{"line":22,"column":70}}],"line":21},"8":{"loc":{"start":{"line":35,"column":4},"end":{"line":37,"column":5}},"type":"if","locations":[{"start":{"line":35,"column":4},"end":{"line":37,"column":5}},{"start":{},"end":{}}],"line":35},"9":{"loc":{"start":{"line":35,"column":8},"end":{"line":35,"column":63}},"type":"binary-expr","locations":[{"start":{"line":35,"column":8},"end":{"line":35,"column":22}},{"start":{"line":35,"column":26},"end":{"line":35,"column":63}}],"line":35},"10":{"loc":{"start":{"line":43,"column":43},"end":{"line":43,"column":52}},"type":"binary-expr","locations":[{"start":{"line":43,"column":43},"end":{"line":43,"column":46}},{"start":{"line":43,"column":50},"end":{"line":43,"column":52}}],"line":43},"11":{"loc":{"start":{"line":45,"column":19},"end":{"line":45,"column":71}},"type":"binary-expr","locations":[{"start":{"line":45,"column":20},"end":{"line":45,"column":32}},{"start":{"line":45,"column":36},"end":{"line":45,"column":45}},{"start":{"line":45,"column":49},"end":{"line":45,"column":63}},{"start":{"line":45,"column":68},"end":{"line":45,"column":71}}],"line":45},"12":{"loc":{"start":{"line":46,"column":8},"end":{"line":46,"column":42}},"type":"if","locations":[{"start":{"line":46,"column":8},"end":{"line":46,"column":42}},{"start":{},"end":{}}],"line":46},"13":{"loc":{"start":{"line":52,"column":6},"end":{"line":52,"column":55}},"type":"cond-expr","locations":[{"start":{"line":52,"column":17},"end":{"line":52,"column":28}},{"start":{"line":52,"column":31},"end":{"line":52,"column":55}}],"line":52},"14":{"loc":{"start":{"line":52,"column":31},"end":{"line":52,"column":55}},"type":"cond-expr","locations":[{"start":{"line":52,"column":42},"end":{"line":52,"column":43}},{"start":{"line":52,"column":46},"end":{"line":52,"column":55}}],"line":52},"15":{"loc":{"start":{"line":56,"column":6},"end":{"line":57,"column":41}},"type":"cond-expr","locations":[{"start":{"line":57,"column":8},"end":{"line":57,"column":9}},{"start":{"line":57,"column":13},"end":{"line":57,"column":40}}],"line":56},"16":{"loc":{"start":{"line":56,"column":6},"end":{"line":56,"column":50}},"type":"binary-expr","locations":[{"start":{"line":56,"column":6},"end":{"line":56,"column":20}},{"start":{"line":56,"column":24},"end":{"line":56,"column":50}}],"line":56}},"s":{"0":0,"1":0,"2":0,"3":0,"4":0,"5":0,"6":0,"7":0,"8":0,"9":0,"10":0,"11":0,"12":0,"13":0,"14":0,"15":0,"16":0,"17":0,"18":0,"19":0,"20":0,"21":0,"22":0},"f":{"0":0,"1":0,"2":0,"3":0,"4":0,"5":0},"b":{"0":[0],"1":[0],"2":[0,0],"3":[0,0],"4":[0,0],"5":[0,0],"6":[0,0,0],"7":[0,0,0],"8":[0,0],"9":[0,0],"10":[0,0],"11":[0,0,0,0],"12":[0,0],"13":[0,0],"14":[0,0],"15":[0,0],"16":[0,0]},"_coverageSchema":"1a1c01bbd47fc00a2c39e90264f33305004495a9","hash":"881779f1e8e9f4ca1937cc58dac903b7a9b22824"}
,"C:\\Users\\betti\\Documents\\STUDIER\\KYH-PVT-2022\\HT23-Testautomatisering\\Inlämning3-Unittestning-React-Jest\\Filmvisarna\\client\\src\\react-easier\\useDebug.js": {"path":"C:\\Users\\betti\\Documents\\STUDIER\\KYH-PVT-2022\\HT23-Testautomatisering\\Inlämning3-Unittestning-React-Jest\\Filmvisarna\\client\\src\\react-easier\\useDebug.js","statementMap":{"0":{"start":{"line":2,"column":2},"end":{"line":4,"column":17}},"1":{"start":{"line":5,"column":2},"end":{"line":5,"column":35}},"2":{"start":{"line":6,"column":2},"end":{"line":6,"column":50}}},"fnMap":{"0":{"name":"useDebug","decl":{"start":{"line":1,"column":16},"end":{"line":1,"column":24}},"loc":{"start":{"line":1,"column":59},"end":{"line":7,"column":1}},"line":1}},"branchMap":{"0":{"loc":{"start":{"line":1,"column":25},"end":{"line":1,"column":37}},"type":"default-arg","locations":[{"start":{"line":1,"column":33},"end":{"line":1,"column":37}}],"line":1},"1":{"loc":{"start":{"line":1,"column":39},"end":{"line":1,"column":57}},"type":"default-arg","locations":[{"start":{"line":1,"column":52},"end":{"line":1,"column":57}}],"line":1}},"s":{"0":0,"1":0,"2":0},"f":{"0":0},"b":{"0":[0],"1":[0]},"_coverageSchema":"1a1c01bbd47fc00a2c39e90264f33305004495a9","hash":"ba62fa67ec2d0452d015991b4354b5197b204571"}
,"C:\\Users\\betti\\Documents\\STUDIER\\KYH-PVT-2022\\HT23-Testautomatisering\\Inlämning3-Unittestning-React-Jest\\Filmvisarna\\client\\src\\react-easier\\useFetch.js": {"path":"C:\\Users\\betti\\Documents\\STUDIER\\KYH-PVT-2022\\HT23-Testautomatisering\\Inlämning3-Unittestning-React-Jest\\Filmvisarna\\client\\src\\react-easier\\useFetch.js","statementMap":{"0":{"start":{"line":6,"column":20},"end":{"line":6,"column":22}},"1":{"start":{"line":6,"column":38},"end":{"line":6,"column":40}},"2":{"start":{"line":11,"column":16},"end":{"line":11,"column":28}},"3":{"start":{"line":12,"column":2},"end":{"line":15,"column":3}},"4":{"start":{"line":13,"column":4},"end":{"line":13,"column":19}},"5":{"start":{"line":14,"column":4},"end":{"line":14,"column":21}},"6":{"start":{"line":16,"column":2},"end":{"line":16,"column":24}},"7":{"start":{"line":17,"column":2},"end":{"line":17,"column":26}},"8":{"start":{"line":18,"column":20},"end":{"line":18,"column":26}},"9":{"start":{"line":18,"column":25},"end":{"line":18,"column":26}},"10":{"start":{"line":19,"column":2},"end":{"line":22,"column":3}},"11":{"start":{"line":20,"column":4},"end":{"line":20,"column":38}},"12":{"start":{"line":21,"column":4},"end":{"line":21,"column":31}},"13":{"start":{"line":23,"column":14},"end":{"line":23,"column":16}},"14":{"start":{"line":24,"column":2},"end":{"line":25,"column":70}},"15":{"start":{"line":26,"column":2},"end":{"line":26,"column":15}},"16":{"start":{"line":33,"column":29},"end":{"line":33,"column":34}},"17":{"start":{"line":35,"column":2},"end":{"line":51,"column":3}},"18":{"start":{"line":36,"column":4},"end":{"line":36,"column":17}},"19":{"start":{"line":37,"column":4},"end":{"line":47,"column":19}},"20":{"start":{"line":38,"column":6},"end":{"line":46,"column":9}},"21":{"start":{"line":39,"column":8},"end":{"line":44,"column":33}},"22":{"start":{"line":45,"column":8},"end":{"line":45,"column":21}},"23":{"start":{"line":50,"column":4},"end":{"line":50,"column":66}},"24":{"start":{"line":53,"column":2},"end":{"line":71,"column":3}},"25":{"start":{"line":54,"column":4},"end":{"line":54,"column":39}},"26":{"start":{"line":54,"column":28},"end":{"line":54,"column":37}},"27":{"start":{"line":56,"column":35},"end":{"line":56,"column":50}},"28":{"start":{"line":57,"column":14},"end":{"line":57,"column":52}},"29":{"start":{"line":58,"column":4},"end":{"line":58,"column":27}},"30":{"start":{"line":59,"column":4},"end":{"line":59,"column":23}},"31":{"start":{"line":60,"column":4},"end":{"line":66,"column":5}},"32":{"start":{"line":67,"column":17},"end":{"line":67,"column":47}},"33":{"start":{"line":68,"column":4},"end":{"line":68,"column":52}},"34":{"start":{"line":69,"column":4},"end":{"line":69,"column":65}},"35":{"start":{"line":70,"column":4},"end":{"line":70,"column":27}},"36":{"start":{"line":72,"column":2},"end":{"line":72,"column":30}},"37":{"start":{"line":81,"column":16},"end":{"line":81,"column":57}},"38":{"start":{"line":82,"column":12},"end":{"line":82,"column":38}},"39":{"start":{"line":83,"column":2},"end":{"line":84,"column":88}},"40":{"start":{"line":84,"column":21},"end":{"line":84,"column":83}},"41":{"start":{"line":85,"column":2},"end":{"line":85,"column":13}},"42":{"start":{"line":90,"column":2},"end":{"line":92,"column":3}},"43":{"start":{"line":91,"column":4},"end":{"line":91,"column":59}}},"fnMap":{"0":{"name":"useFetch","decl":{"start":{"line":10,"column":16},"end":{"line":10,"column":24}},"loc":{"start":{"line":10,"column":50},"end":{"line":27,"column":1}},"line":10},"1":{"name":"(anonymous_1)","decl":{"start":{"line":18,"column":20},"end":{"line":18,"column":21}},"loc":{"start":{"line":18,"column":25},"end":{"line":18,"column":26}},"line":18},"2":{"name":"goFetch","decl":{"start":{"line":32,"column":22},"end":{"line":32,"column":29}},"loc":{"start":{"line":32,"column":67},"end":{"line":73,"column":1}},"line":32},"3":{"name":"(anonymous_3)","decl":{"start":{"line":38,"column":28},"end":{"line":38,"column":29}},"loc":{"start":{"line":38,"column":50},"end":{"line":46,"column":7}},"line":38},"4":{"name":"_fetch","decl":{"start":{"line":77,"column":15},"end":{"line":77,"column":21}},"loc":{"start":{"line":80,"column":2},"end":{"line":86,"column":1}},"line":80},"5":{"name":"(anonymous_5)","decl":{"start":{"line":84,"column":15},"end":{"line":84,"column":16}},"loc":{"start":{"line":84,"column":21},"end":{"line":84,"column":83}},"line":84},"6":{"name":"debounceMemPurge","decl":{"start":{"line":89,"column":9},"end":{"line":89,"column":25}},"loc":{"start":{"line":89,"column":28},"end":{"line":93,"column":1}},"line":89}},"branchMap":{"0":{"loc":{"start":{"line":12,"column":2},"end":{"line":15,"column":3}},"type":"if","locations":[{"start":{"line":12,"column":2},"end":{"line":15,"column":3}},{"start":{},"end":{}}],"line":12},"1":{"loc":{"start":{"line":16,"column":9},"end":{"line":16,"column":23}},"type":"binary-expr","locations":[{"start":{"line":16,"column":9},"end":{"line":16,"column":13}},{"start":{"line":16,"column":17},"end":{"line":16,"column":23}}],"line":16},"2":{"loc":{"start":{"line":17,"column":12},"end":{"line":17,"column":25}},"type":"binary-expr","locations":[{"start":{"line":17,"column":12},"end":{"line":17,"column":19}},{"start":{"line":17,"column":23},"end":{"line":17,"column":25}}],"line":17},"3":{"loc":{"start":{"line":19,"column":2},"end":{"line":22,"column":3}},"type":"if","locations":[{"start":{"line":19,"column":2},"end":{"line":22,"column":3}},{"start":{},"end":{}}],"line":19},"4":{"loc":{"start":{"line":35,"column":2},"end":{"line":51,"column":3}},"type":"if","locations":[{"start":{"line":35,"column":2},"end":{"line":51,"column":3}},{"start":{"line":49,"column":7},"end":{"line":51,"column":3}}],"line":35},"5":{"loc":{"start":{"line":39,"column":8},"end":{"line":44,"column":32}},"type":"binary-expr","locations":[{"start":{"line":39,"column":8},"end":{"line":39,"column":13}},{"start":{"line":40,"column":13},"end":{"line":40,"column":32}},{"start":{"line":41,"column":13},"end":{"line":41,"column":60}},{"start":{"line":42,"column":14},"end":{"line":42,"column":43}},{"start":{"line":43,"column":14},"end":{"line":43,"column":47}},{"start":{"line":44,"column":13},"end":{"line":44,"column":32}}],"line":39},"6":{"loc":{"start":{"line":50,"column":27},"end":{"line":50,"column":65}},"type":"binary-expr","locations":[{"start":{"line":50,"column":27},"end":{"line":50,"column":37}},{"start":{"line":50,"column":41},"end":{"line":50,"column":65}}],"line":50},"7":{"loc":{"start":{"line":54,"column":4},"end":{"line":54,"column":39}},"type":"if","locations":[{"start":{"line":54,"column":4},"end":{"line":54,"column":39}},{"start":{},"end":{}}],"line":54},"8":{"loc":{"start":{"line":60,"column":23},"end":{"line":66,"column":5}},"type":"binary-expr","locations":[{"start":{"line":60,"column":23},"end":{"line":60,"column":39}},{"start":{"line":60,"column":43},"end":{"line":66,"column":5}}],"line":60},"9":{"loc":{"start":{"line":69,"column":4},"end":{"line":69,"column":64}},"type":"cond-expr","locations":[{"start":{"line":69,"column":30},"end":{"line":69,"column":47}},{"start":{"line":69,"column":50},"end":{"line":69,"column":64}}],"line":69},"10":{"loc":{"start":{"line":83,"column":2},"end":{"line":84,"column":87}},"type":"binary-expr","locations":[{"start":{"line":83,"column":2},"end":{"line":83,"column":23}},{"start":{"line":84,"column":4},"end":{"line":84,"column":87}}],"line":83},"11":{"loc":{"start":{"line":91,"column":4},"end":{"line":91,"column":58}},"type":"binary-expr","locations":[{"start":{"line":91,"column":4},"end":{"line":91,"column":31}},{"start":{"line":91,"column":35},"end":{"line":91,"column":58}}],"line":91}},"s":{"0":2,"1":2,"2":0,"3":0,"4":0,"5":0,"6":0,"7":0,"8":0,"9":0,"10":0,"11":0,"12":0,"13":0,"14":0,"15":0,"16":5,"17":5,"18":5,"19":5,"20":5,"21":10,"22":10,"23":0,"24":5,"25":0,"26":0,"27":0,"28":0,"29":0,"30":0,"31":0,"32":0,"33":0,"34":0,"35":0,"36":5,"37":0,"38":0,"39":0,"40":0,"41":0,"42":0,"43":0},"f":{"0":0,"1":0,"2":5,"3":10,"4":0,"5":0,"6":0},"b":{"0":[0,0],"1":[0,0],"2":[0,0],"3":[0,0],"4":[5,0],"5":[10,10,0,0,0,0],"6":[0,0],"7":[0,0],"8":[0,0],"9":[0,0],"10":[0,0],"11":[0,0]},"_coverageSchema":"1a1c01bbd47fc00a2c39e90264f33305004495a9","hash":"b70d1b6e30cc37e8b185cab68452cd2cda35153a"}
,"C:\\Users\\betti\\Documents\\STUDIER\\KYH-PVT-2022\\HT23-Testautomatisering\\Inlämning3-Unittestning-React-Jest\\Filmvisarna\\client\\src\\react-easier\\useOnMount.js": {"path":"C:\\Users\\betti\\Documents\\STUDIER\\KYH-PVT-2022\\HT23-Testautomatisering\\Inlämning3-Unittestning-React-Jest\\Filmvisarna\\client\\src\\react-easier\\useOnMount.js","statementMap":{"0":{"start":{"line":4,"column":22},"end":{"line":8,"column":3}},"1":{"start":{"line":5,"column":4},"end":{"line":7,"column":9}},"2":{"start":{"line":6,"column":6},"end":{"line":6,"column":13}},"3":{"start":{"line":9,"column":2},"end":{"line":9,"column":29}},"4":{"start":{"line":13,"column":22},"end":{"line":17,"column":3}},"5":{"start":{"line":14,"column":4},"end":{"line":16,"column":9}},"6":{"start":{"line":15,"column":6},"end":{"line":15,"column":13}},"7":{"start":{"line":18,"column":2},"end":{"line":18,"column":35}},"8":{"start":{"line":18,"column":18},"end":{"line":18,"column":29}}},"fnMap":{"0":{"name":"useOnMount","decl":{"start":{"line":3,"column":16},"end":{"line":3,"column":26}},"loc":{"start":{"line":3,"column":33},"end":{"line":10,"column":1}},"line":3},"1":{"name":"(anonymous_1)","decl":{"start":{"line":4,"column":22},"end":{"line":4,"column":23}},"loc":{"start":{"line":4,"column":34},"end":{"line":8,"column":3}},"line":4},"2":{"name":"(anonymous_2)","decl":{"start":{"line":5,"column":5},"end":{"line":5,"column":6}},"loc":{"start":{"line":5,"column":17},"end":{"line":7,"column":5}},"line":5},"3":{"name":"useOnCleanup","decl":{"start":{"line":12,"column":16},"end":{"line":12,"column":28}},"loc":{"start":{"line":12,"column":35},"end":{"line":19,"column":1}},"line":12},"4":{"name":"(anonymous_4)","decl":{"start":{"line":13,"column":22},"end":{"line":13,"column":23}},"loc":{"start":{"line":13,"column":34},"end":{"line":17,"column":3}},"line":13},"5":{"name":"(anonymous_5)","decl":{"start":{"line":14,"column":5},"end":{"line":14,"column":6}},"loc":{"start":{"line":14,"column":17},"end":{"line":16,"column":5}},"line":14},"6":{"name":"(anonymous_6)","decl":{"start":{"line":18,"column":12},"end":{"line":18,"column":13}},"loc":{"start":{"line":18,"column":18},"end":{"line":18,"column":29}},"line":18}},"branchMap":{},"s":{"0":0,"1":0,"2":0,"3":0,"4":0,"5":0,"6":0,"7":0,"8":0},"f":{"0":0,"1":0,"2":0,"3":0,"4":0,"5":0,"6":0},"b":{},"_coverageSchema":"1a1c01bbd47fc00a2c39e90264f33305004495a9","hash":"67f757cdb2ce1721f8b35919b205c4dac5e6f4d9"}
,"C:\\Users\\betti\\Documents\\STUDIER\\KYH-PVT-2022\\HT23-Testautomatisering\\Inlämning3-Unittestning-React-Jest\\Filmvisarna\\client\\src\\react-easier\\useStates.js": {"path":"C:\\Users\\betti\\Documents\\STUDIER\\KYH-PVT-2022\\HT23-Testautomatisering\\Inlämning3-Unittestning-React-Jest\\Filmvisarna\\client\\src\\react-easier\\useStates.js","statementMap":{"0":{"start":{"line":8,"column":20},"end":{"line":8,"column":22}},"1":{"start":{"line":13,"column":19},"end":{"line":13,"column":40}},"2":{"start":{"line":14,"column":20},"end":{"line":14,"column":41}},"3":{"start":{"line":15,"column":20},"end":{"line":15,"column":42}},"4":{"start":{"line":18,"column":13},"end":{"line":18,"column":24}},"5":{"start":{"line":19,"column":18},"end":{"line":19,"column":47}},"6":{"start":{"line":20,"column":2},"end":{"line":21,"column":66}},"7":{"start":{"line":22,"column":2},"end":{"line":22,"column":26}},"8":{"start":{"line":23,"column":2},"end":{"line":23,"column":64}},"9":{"start":{"line":24,"column":2},"end":{"line":25,"column":70}},"10":{"start":{"line":26,"column":16},"end":{"line":26,"column":29}},"11":{"start":{"line":27,"column":2},"end":{"line":27,"column":90}},"12":{"start":{"line":27,"column":28},"end":{"line":27,"column":86}},"13":{"start":{"line":28,"column":2},"end":{"line":29,"column":77}},"14":{"start":{"line":30,"column":2},"end":{"line":30,"column":53}},"15":{"start":{"line":33,"column":15},"end":{"line":33,"column":39}},"16":{"start":{"line":34,"column":2},"end":{"line":41,"column":9}},"17":{"start":{"line":35,"column":19},"end":{"line":35,"column":33}},"18":{"start":{"line":35,"column":24},"end":{"line":35,"column":33}},"19":{"start":{"line":36,"column":4},"end":{"line":36,"column":35}},"20":{"start":{"line":37,"column":4},"end":{"line":40,"column":5}},"21":{"start":{"line":38,"column":6},"end":{"line":38,"column":67}},"22":{"start":{"line":39,"column":6},"end":{"line":39,"column":49}},"23":{"start":{"line":45,"column":4},"end":{"line":45,"column":60}},"24":{"start":{"line":45,"column":33},"end":{"line":45,"column":58}},"25":{"start":{"line":50,"column":4},"end":{"line":52,"column":5}},"26":{"start":{"line":51,"column":6},"end":{"line":51,"column":50}},"27":{"start":{"line":57,"column":4},"end":{"line":57,"column":64}},"28":{"start":{"line":60,"column":23},"end":{"line":60,"column":45}},"29":{"start":{"line":63,"column":2},"end":{"line":63,"column":22}}},"fnMap":{"0":{"name":"useStates","decl":{"start":{"line":10,"column":16},"end":{"line":10,"column":25}},"loc":{"start":{"line":10,"column":46},"end":{"line":64,"column":1}},"line":10},"1":{"name":"(anonymous_1)","decl":{"start":{"line":27,"column":16},"end":{"line":27,"column":17}},"loc":{"start":{"line":27,"column":28},"end":{"line":27,"column":86}},"line":27},"2":{"name":"(anonymous_2)","decl":{"start":{"line":34,"column":12},"end":{"line":34,"column":13}},"loc":{"start":{"line":34,"column":18},"end":{"line":41,"column":3}},"line":34},"3":{"name":"(anonymous_3)","decl":{"start":{"line":35,"column":19},"end":{"line":35,"column":20}},"loc":{"start":{"line":35,"column":24},"end":{"line":35,"column":33}},"line":35},"4":{"name":"(anonymous_4)","decl":{"start":{"line":37,"column":11},"end":{"line":37,"column":12}},"loc":{"start":{"line":37,"column":17},"end":{"line":40,"column":5}},"line":37},"5":{"name":"setState","decl":{"start":{"line":44,"column":11},"end":{"line":44,"column":19}},"loc":{"start":{"line":44,"column":22},"end":{"line":46,"column":3}},"line":44},"6":{"name":"(anonymous_6)","decl":{"start":{"line":45,"column":28},"end":{"line":45,"column":29}},"loc":{"start":{"line":45,"column":33},"end":{"line":45,"column":58}},"line":45},"7":{"name":"removeStatesWithNoListeners","decl":{"start":{"line":49,"column":11},"end":{"line":49,"column":38}},"loc":{"start":{"line":49,"column":41},"end":{"line":53,"column":3}},"line":49}},"branchMap":{"0":{"loc":{"start":{"line":20,"column":2},"end":{"line":21,"column":65}},"type":"binary-expr","locations":[{"start":{"line":20,"column":2},"end":{"line":20,"column":9}},{"start":{"line":20,"column":15},"end":{"line":20,"column":34}},{"start":{"line":20,"column":39},"end":{"line":20,"column":40}},{"start":{"line":21,"column":8},"end":{"line":21,"column":64}}],"line":20},"1":{"loc":{"start":{"line":22,"column":12},"end":{"line":22,"column":25}},"type":"binary-expr","locations":[{"start":{"line":22,"column":12},"end":{"line":22,"column":19}},{"start":{"line":22,"column":23},"end":{"line":22,"column":25}}],"line":22},"2":{"loc":{"start":{"line":23,"column":18},"end":{"line":23,"column":63}},"type":"binary-expr","locations":[{"start":{"line":23,"column":18},"end":{"line":23,"column":31}},{"start":{"line":23,"column":35},"end":{"line":23,"column":63}}],"line":23},"3":{"loc":{"start":{"line":24,"column":2},"end":{"line":25,"column":69}},"type":"binary-expr","locations":[{"start":{"line":24,"column":2},"end":{"line":24,"column":11}},{"start":{"line":24,"column":15},"end":{"line":24,"column":42}},{"start":{"line":25,"column":8},"end":{"line":25,"column":68}}],"line":24},"4":{"loc":{"start":{"line":27,"column":2},"end":{"line":27,"column":89}},"type":"binary-expr","locations":[{"start":{"line":27,"column":2},"end":{"line":27,"column":11}},{"start":{"line":27,"column":15},"end":{"line":27,"column":89}}],"line":27},"5":{"loc":{"start":{"line":28,"column":2},"end":{"line":29,"column":76}},"type":"binary-expr","locations":[{"start":{"line":28,"column":2},"end":{"line":28,"column":11}},{"start":{"line":28,"column":15},"end":{"line":28,"column":42}},{"start":{"line":29,"column":7},"end":{"line":29,"column":76}}],"line":28},"6":{"loc":{"start":{"line":30,"column":16},"end":{"line":30,"column":51}},"type":"cond-expr","locations":[{"start":{"line":30,"column":26},"end":{"line":30,"column":39}},{"start":{"line":30,"column":42},"end":{"line":30,"column":51}}],"line":30},"7":{"loc":{"start":{"line":51,"column":6},"end":{"line":51,"column":49}},"type":"binary-expr","locations":[{"start":{"line":51,"column":6},"end":{"line":51,"column":31}},{"start":{"line":51,"column":35},"end":{"line":51,"column":49}}],"line":51}},"s":{"0":2,"1":5,"2":5,"3":5,"4":5,"5":5,"6":5,"7":5,"8":5,"9":5,"10":5,"11":5,"12":5,"13":5,"14":5,"15":5,"16":5,"17":5,"18":0,"19":5,"20":5,"21":5,"22":5,"23":0,"24":0,"25":3,"26":3,"27":5,"28":5,"29":5},"f":{"0":5,"1":5,"2":5,"3":0,"4":5,"5":0,"6":0,"7":3},"b":{"0":[5,0,0,0],"1":[5,5],"2":[5,2],"3":[5,5,0],"4":[5,5],"5":[5,5,0],"6":[0,5],"7":[3,0]},"_coverageSchema":"1a1c01bbd47fc00a2c39e90264f33305004495a9","hash":"1ecab6b80f28f59fb4d55c02f451df98d46abdc2"}
,"C:\\Users\\betti\\Documents\\STUDIER\\KYH-PVT-2022\\HT23-Testautomatisering\\Inlämning3-Unittestning-React-Jest\\Filmvisarna\\client\\src\\react-easier\\helpers\\bindStatesToForm.js": {"path":"C:\\Users\\betti\\Documents\\STUDIER\\KYH-PVT-2022\\HT23-Testautomatisering\\Inlämning3-Unittestning-React-Jest\\Filmvisarna\\client\\src\\react-easier\\helpers\\bindStatesToForm.js","statementMap":{"0":{"start":{"line":7,"column":20},"end":{"line":7,"column":59}},"1":{"start":{"line":11,"column":2},"end":{"line":27,"column":3}},"2":{"start":{"line":18,"column":6},"end":{"line":18,"column":56}},"3":{"start":{"line":20,"column":6},"end":{"line":20,"column":65}},"4":{"start":{"line":22,"column":6},"end":{"line":25,"column":58}}},"fnMap":{"0":{"name":"bind","decl":{"start":{"line":3,"column":16},"end":{"line":3,"column":20}},"loc":{"start":{"line":3,"column":61},"end":{"line":28,"column":1}},"line":3},"1":{"name":"(anonymous_1)","decl":{"start":{"line":15,"column":14},"end":{"line":15,"column":15}},"loc":{"start":{"line":15,"column":33},"end":{"line":26,"column":5}},"line":15}},"branchMap":{"0":{"loc":{"start":{"line":3,"column":32},"end":{"line":3,"column":49}},"type":"default-arg","locations":[{"start":{"line":3,"column":40},"end":{"line":3,"column":49}}],"line":3},"1":{"loc":{"start":{"line":7,"column":20},"end":{"line":7,"column":59}},"type":"binary-expr","locations":[{"start":{"line":7,"column":20},"end":{"line":7,"column":44}},{"start":{"line":7,"column":48},"end":{"line":7,"column":59}}],"line":7},"2":{"loc":{"start":{"line":18,"column":6},"end":{"line":18,"column":55}},"type":"binary-expr","locations":[{"start":{"line":18,"column":6},"end":{"line":18,"column":17}},{"start":{"line":18,"column":21},"end":{"line":18,"column":55}}],"line":18},"3":{"loc":{"start":{"line":20,"column":6},"end":{"line":20,"column":64}},"type":"binary-expr","locations":[{"start":{"line":20,"column":6},"end":{"line":20,"column":17}},{"start":{"line":20,"column":22},"end":{"line":20,"column":63}}],"line":20},"4":{"loc":{"start":{"line":22,"column":13},"end":{"line":25,"column":58}},"type":"cond-expr","locations":[{"start":{"line":23,"column":8},"end":{"line":23,"column":48}},{"start":{"line":24,"column":8},"end":{"line":25,"column":58}}],"line":22},"5":{"loc":{"start":{"line":23,"column":20},"end":{"line":23,"column":48}},"type":"cond-expr","locations":[{"start":{"line":23,"column":32},"end":{"line":23,"column":37}},{"start":{"line":23,"column":40},"end":{"line":23,"column":48}}],"line":23},"6":{"loc":{"start":{"line":24,"column":20},"end":{"line":25,"column":58}},"type":"cond-expr","locations":[{"start":{"line":25,"column":11},"end":{"line":25,"column":47}},{"start":{"line":25,"column":51},"end":{"line":25,"column":58}}],"line":24},"7":{"loc":{"start":{"line":25,"column":11},"end":{"line":25,"column":47}},"type":"cond-expr","locations":[{"start":{"line":25,"column":29},"end":{"line":25,"column":36}},{"start":{"line":25,"column":39},"end":{"line":25,"column":47}}],"line":25}},"s":{"0":0,"1":0,"2":0,"3":0,"4":0},"f":{"0":0,"1":0},"b":{"0":[0],"1":[0,0],"2":[0,0],"3":[0,0],"4":[0,0],"5":[0,0],"6":[0,0],"7":[0,0]},"_coverageSchema":"1a1c01bbd47fc00a2c39e90264f33305004495a9","hash":"df275d563339c4560262f829adb805159bc3a356"}
,"C:\\Users\\betti\\Documents\\STUDIER\\KYH-PVT-2022\\HT23-Testautomatisering\\Inlämning3-Unittestning-React-Jest\\Filmvisarna\\client\\src\\react-easier\\helpers\\consoleSrcMapped.js": {"path":"C:\\Users\\betti\\Documents\\STUDIER\\KYH-PVT-2022\\HT23-Testautomatisering\\Inlämning3-Unittestning-React-Jest\\Filmvisarna\\client\\src\\react-easier\\helpers\\consoleSrcMapped.js","statementMap":{"0":{"start":{"line":2,"column":16},"end":{"line":2,"column":18}},"1":{"start":{"line":3,"column":0},"end":{"line":5,"column":55}},"2":{"start":{"line":4,"column":15},"end":{"line":4,"column":47}},"3":{"start":{"line":5,"column":16},"end":{"line":5,"column":53}},"4":{"start":{"line":6,"column":0},"end":{"line":6,"column":32}},"5":{"start":{"line":8,"column":23},"end":{"line":8,"column":25}},"6":{"start":{"line":9,"column":15},"end":{"line":9,"column":16}},"7":{"start":{"line":10,"column":12},"end":{"line":10,"column":57}},"8":{"start":{"line":10,"column":18},"end":{"line":10,"column":57}},"9":{"start":{"line":10,"column":37},"end":{"line":10,"column":56}},"10":{"start":{"line":14,"column":36},"end":{"line":14,"column":41}},"11":{"start":{"line":15,"column":16},"end":{"line":15,"column":19}},"12":{"start":{"line":16,"column":2},"end":{"line":19,"column":15}},"13":{"start":{"line":17,"column":4},"end":{"line":17,"column":59}},"14":{"start":{"line":22,"column":2},"end":{"line":22,"column":67}},"15":{"start":{"line":22,"column":58},"end":{"line":22,"column":65}},"16":{"start":{"line":23,"column":2},"end":{"line":23,"column":24}},"17":{"start":{"line":26,"column":18},"end":{"line":26,"column":41}},"18":{"start":{"line":27,"column":2},"end":{"line":33,"column":3}},"19":{"start":{"line":28,"column":4},"end":{"line":32,"column":17}},"20":{"start":{"line":29,"column":24},"end":{"line":29,"column":83}},"21":{"start":{"line":30,"column":6},"end":{"line":30,"column":86}},"22":{"start":{"line":34,"column":2},"end":{"line":34,"column":38}},"23":{"start":{"line":39,"column":18},"end":{"line":39,"column":58}},"24":{"start":{"line":40,"column":2},"end":{"line":40,"column":62}},"25":{"start":{"line":41,"column":2},"end":{"line":41,"column":47}},"26":{"start":{"line":42,"column":12},"end":{"line":47,"column":64}},"27":{"start":{"line":50,"column":18},"end":{"line":50,"column":38}},"28":{"start":{"line":51,"column":2},"end":{"line":65,"column":3}},"29":{"start":{"line":53,"column":4},"end":{"line":53,"column":53}},"30":{"start":{"line":57,"column":17},"end":{"line":57,"column":49}},"31":{"start":{"line":58,"column":4},"end":{"line":58,"column":36}},"32":{"start":{"line":59,"column":4},"end":{"line":59,"column":27}},"33":{"start":{"line":60,"column":4},"end":{"line":61,"column":67}},"34":{"start":{"line":62,"column":4},"end":{"line":62,"column":74}},"35":{"start":{"line":63,"column":4},"end":{"line":63,"column":33}},"36":{"start":{"line":64,"column":4},"end":{"line":64,"column":66}},"37":{"start":{"line":64,"column":48},"end":{"line":64,"column":64}}},"fnMap":{"0":{"name":"(anonymous_0)","decl":{"start":{"line":4,"column":10},"end":{"line":4,"column":11}},"loc":{"start":{"line":4,"column":15},"end":{"line":4,"column":47}},"line":4},"1":{"name":"(anonymous_1)","decl":{"start":{"line":5,"column":11},"end":{"line":5,"column":12}},"loc":{"start":{"line":5,"column":16},"end":{"line":5,"column":53}},"line":5},"2":{"name":"(anonymous_2)","decl":{"start":{"line":10,"column":12},"end":{"line":10,"column":13}},"loc":{"start":{"line":10,"column":18},"end":{"line":10,"column":57}},"line":10},"3":{"name":"(anonymous_3)","decl":{"start":{"line":10,"column":30},"end":{"line":10,"column":31}},"loc":{"start":{"line":10,"column":37},"end":{"line":10,"column":56}},"line":10},"4":{"name":"consoleSrcMapped","decl":{"start":{"line":12,"column":22},"end":{"line":12,"column":38}},"loc":{"start":{"line":12,"column":74},"end":{"line":66,"column":1}},"line":12}},"branchMap":{"0":{"loc":{"start":{"line":22,"column":2},"end":{"line":22,"column":67}},"type":"if","locations":[{"start":{"line":22,"column":2},"end":{"line":22,"column":67}},{"start":{},"end":{}}],"line":22},"1":{"loc":{"start":{"line":22,"column":6},"end":{"line":22,"column":54}},"type":"binary-expr","locations":[{"start":{"line":22,"column":6},"end":{"line":22,"column":16}},{"start":{"line":22,"column":20},"end":{"line":22,"column":54}}],"line":22},"2":{"loc":{"start":{"line":27,"column":2},"end":{"line":33,"column":3}},"type":"if","locations":[{"start":{"line":27,"column":2},"end":{"line":33,"column":3}},{"start":{},"end":{}}],"line":27},"3":{"loc":{"start":{"line":29,"column":24},"end":{"line":29,"column":83}},"type":"cond-expr","locations":[{"start":{"line":29,"column":47},"end":{"line":29,"column":78}},{"start":{"line":29,"column":81},"end":{"line":29,"column":83}}],"line":29},"4":{"loc":{"start":{"line":40,"column":30},"end":{"line":40,"column":61}},"type":"binary-expr","locations":[{"start":{"line":40,"column":30},"end":{"line":40,"column":55}},{"start":{"line":40,"column":59},"end":{"line":40,"column":61}}],"line":40},"5":{"loc":{"start":{"line":47,"column":25},"end":{"line":47,"column":63}},"type":"cond-expr","locations":[{"start":{"line":47,"column":49},"end":{"line":47,"column":58}},{"start":{"line":47,"column":61},"end":{"line":47,"column":63}}],"line":47},"6":{"loc":{"start":{"line":51,"column":2},"end":{"line":65,"column":3}},"type":"if","locations":[{"start":{"line":51,"column":2},"end":{"line":65,"column":3}},{"start":{"line":55,"column":7},"end":{"line":65,"column":3}}],"line":51}},"s":{"0":2,"1":2,"2":48,"3":40,"4":2,"5":2,"6":2,"7":2,"8":0,"9":0,"10":0,"11":0,"12":0,"13":0,"14":0,"15":0,"16":0,"17":0,"18":0,"19":0,"20":0,"21":0,"22":0,"23":0,"24":0,"25":0,"26":0,"27":0,"28":0,"29":0,"30":0,"31":0,"32":0,"33":0,"34":0,"35":0,"36":0,"37":0},"f":{"0":48,"1":40,"2":0,"3":0,"4":0},"b":{"0":[0,0],"1":[0,0],"2":[0,0],"3":[0,0],"4":[0,0],"5":[0,0],"6":[0,0]},"_coverageSchema":"1a1c01bbd47fc00a2c39e90264f33305004495a9","hash":"69e6646b8c2416b0fa3acf7ccb2358f765a08b84"}
,"C:\\Users\\betti\\Documents\\STUDIER\\KYH-PVT-2022\\HT23-Testautomatisering\\Inlämning3-Unittestning-React-Jest\\Filmvisarna\\client\\src\\react-easier\\helpers\\debugLog.js": {"path":"C:\\Users\\betti\\Documents\\STUDIER\\KYH-PVT-2022\\HT23-Testautomatisering\\Inlämning3-Unittestning-React-Jest\\Filmvisarna\\client\\src\\react-easier\\helpers\\debugLog.js","statementMap":{"0":{"start":{"line":3,"column":17},"end":{"line":3,"column":59}},"1":{"start":{"line":6,"column":18},"end":{"line":6,"column":20}},"2":{"start":{"line":9,"column":13},"end":{"line":9,"column":54}},"3":{"start":{"line":10,"column":18},"end":{"line":13,"column":1}},"4":{"start":{"line":18,"column":16},"end":{"line":18,"column":18}},"5":{"start":{"line":19,"column":2},"end":{"line":25,"column":27}},"6":{"start":{"line":20,"column":4},"end":{"line":23,"column":6}},"7":{"start":{"line":21,"column":20},"end":{"line":21,"column":91}},"8":{"start":{"line":22,"column":20},"end":{"line":22,"column":68}},"9":{"start":{"line":25,"column":14},"end":{"line":25,"column":25}},"10":{"start":{"line":33,"column":2},"end":{"line":33,"column":44}},"11":{"start":{"line":33,"column":35},"end":{"line":33,"column":42}},"12":{"start":{"line":34,"column":2},"end":{"line":34,"column":74}},"13":{"start":{"line":34,"column":65},"end":{"line":34,"column":72}},"14":{"start":{"line":35,"column":2},"end":{"line":35,"column":59}},"15":{"start":{"line":35,"column":50},"end":{"line":35,"column":57}},"16":{"start":{"line":36,"column":2},"end":{"line":36,"column":40}},"17":{"start":{"line":36,"column":31},"end":{"line":36,"column":38}},"18":{"start":{"line":39,"column":2},"end":{"line":39,"column":30}},"19":{"start":{"line":40,"column":2},"end":{"line":43,"column":3}},"20":{"start":{"line":41,"column":4},"end":{"line":41,"column":40}},"21":{"start":{"line":42,"column":4},"end":{"line":42,"column":39}},"22":{"start":{"line":46,"column":2},"end":{"line":49,"column":3}},"23":{"start":{"line":47,"column":4},"end":{"line":47,"column":56}},"24":{"start":{"line":47,"column":21},"end":{"line":47,"column":50}},"25":{"start":{"line":48,"column":4},"end":{"line":48,"column":11}},"26":{"start":{"line":52,"column":2},"end":{"line":134,"column":3}},"27":{"start":{"line":55,"column":4},"end":{"line":55,"column":34}},"28":{"start":{"line":58,"column":14},"end":{"line":58,"column":16}},"29":{"start":{"line":59,"column":4},"end":{"line":63,"column":7}},"30":{"start":{"line":60,"column":17},"end":{"line":60,"column":69}},"31":{"start":{"line":60,"column":32},"end":{"line":60,"column":46}},"32":{"start":{"line":61,"column":6},"end":{"line":61,"column":62}},"33":{"start":{"line":62,"column":6},"end":{"line":62,"column":17}},"34":{"start":{"line":64,"column":16},"end":{"line":64,"column":70}},"35":{"start":{"line":64,"column":30},"end":{"line":64,"column":69}},"36":{"start":{"line":65,"column":4},"end":{"line":68,"column":5}},"37":{"start":{"line":66,"column":6},"end":{"line":66,"column":37}},"38":{"start":{"line":67,"column":6},"end":{"line":67,"column":13}},"39":{"start":{"line":69,"column":15},"end":{"line":69,"column":59}},"40":{"start":{"line":72,"column":4},"end":{"line":72,"column":69}},"41":{"start":{"line":72,"column":42},"end":{"line":72,"column":67}},"42":{"start":{"line":75,"column":19},"end":{"line":76,"column":69}},"43":{"start":{"line":76,"column":11},"end":{"line":76,"column":68}},"44":{"start":{"line":77,"column":4},"end":{"line":77,"column":61}},"45":{"start":{"line":77,"column":20},"end":{"line":77,"column":51}},"46":{"start":{"line":77,"column":52},"end":{"line":77,"column":59}},"47":{"start":{"line":80,"column":4},"end":{"line":84,"column":7}},"48":{"start":{"line":90,"column":18},"end":{"line":90,"column":23}},"49":{"start":{"line":93,"column":21},"end":{"line":94,"column":95}},"50":{"start":{"line":95,"column":4},"end":{"line":95,"column":79}},"51":{"start":{"line":96,"column":4},"end":{"line":96,"column":56}},"52":{"start":{"line":97,"column":4},"end":{"line":109,"column":6}},"53":{"start":{"line":100,"column":18},"end":{"line":100,"column":53}},"54":{"start":{"line":112,"column":17},"end":{"line":112,"column":19}},"55":{"start":{"line":113,"column":4},"end":{"line":117,"column":16}},"56":{"start":{"line":114,"column":6},"end":{"line":114,"column":36}},"57":{"start":{"line":115,"column":6},"end":{"line":115,"column":53}},"58":{"start":{"line":116,"column":6},"end":{"line":116,"column":22}},"59":{"start":{"line":120,"column":4},"end":{"line":123,"column":5}},"60":{"start":{"line":121,"column":6},"end":{"line":121,"column":133}},"61":{"start":{"line":121,"column":30},"end":{"line":121,"column":131}},"62":{"start":{"line":122,"column":6},"end":{"line":122,"column":107}},"63":{"start":{"line":124,"column":4},"end":{"line":124,"column":39}},"64":{"start":{"line":127,"column":4},"end":{"line":127,"column":56}},"65":{"start":{"line":137,"column":2},"end":{"line":137,"column":33}},"66":{"start":{"line":144,"column":2},"end":{"line":144,"column":44}},"67":{"start":{"line":144,"column":35},"end":{"line":144,"column":42}},"68":{"start":{"line":145,"column":2},"end":{"line":145,"column":40}},"69":{"start":{"line":146,"column":2},"end":{"line":146,"column":71}}},"fnMap":{"0":{"name":"deepCopy","decl":{"start":{"line":17,"column":9},"end":{"line":17,"column":17}},"loc":{"start":{"line":17,"column":23},"end":{"line":26,"column":1}},"line":17},"1":{"name":"(anonymous_1)","decl":{"start":{"line":21,"column":6},"end":{"line":21,"column":7}},"loc":{"start":{"line":21,"column":20},"end":{"line":21,"column":91}},"line":21},"2":{"name":"(anonymous_2)","decl":{"start":{"line":22,"column":6},"end":{"line":22,"column":7}},"loc":{"start":{"line":22,"column":20},"end":{"line":22,"column":68}},"line":22},"3":{"name":"debugLog","decl":{"start":{"line":28,"column":22},"end":{"line":28,"column":30}},"loc":{"start":{"line":31,"column":2},"end":{"line":138,"column":1}},"line":31},"4":{"name":"(anonymous_4)","decl":{"start":{"line":47,"column":15},"end":{"line":47,"column":16}},"loc":{"start":{"line":47,"column":21},"end":{"line":47,"column":50}},"line":47},"5":{"name":"(anonymous_5)","decl":{"start":{"line":59,"column":26},"end":{"line":59,"column":27}},"loc":{"start":{"line":59,"column":46},"end":{"line":63,"column":5}},"line":59},"6":{"name":"(anonymous_6)","decl":{"start":{"line":60,"column":27},"end":{"line":60,"column":28}},"loc":{"start":{"line":60,"column":32},"end":{"line":60,"column":46}},"line":60},"7":{"name":"(anonymous_7)","decl":{"start":{"line":64,"column":25},"end":{"line":64,"column":26}},"loc":{"start":{"line":64,"column":30},"end":{"line":64,"column":69}},"line":64},"8":{"name":"(anonymous_8)","decl":{"start":{"line":72,"column":37},"end":{"line":72,"column":38}},"loc":{"start":{"line":72,"column":42},"end":{"line":72,"column":67}},"line":72},"9":{"name":"(anonymous_9)","decl":{"start":{"line":76,"column":6},"end":{"line":76,"column":7}},"loc":{"start":{"line":76,"column":11},"end":{"line":76,"column":68}},"line":76},"10":{"name":"(anonymous_10)","decl":{"start":{"line":100,"column":13},"end":{"line":100,"column":14}},"loc":{"start":{"line":100,"column":18},"end":{"line":100,"column":53}},"line":100},"11":{"name":"(anonymous_11)","decl":{"start":{"line":113,"column":31},"end":{"line":113,"column":32}},"loc":{"start":{"line":113,"column":41},"end":{"line":117,"column":5}},"line":113},"12":{"name":"debugLogFetch","decl":{"start":{"line":141,"column":24},"end":{"line":141,"column":37}},"loc":{"start":{"line":143,"column":2},"end":{"line":147,"column":1}},"line":143}},"branchMap":{"0":{"loc":{"start":{"line":9,"column":13},"end":{"line":9,"column":54}},"type":"cond-expr","locations":[{"start":{"line":9,"column":24},"end":{"line":9,"column":49}},{"start":{"line":9,"column":52},"end":{"line":9,"column":54}}],"line":9},"1":{"loc":{"start":{"line":21,"column":20},"end":{"line":21,"column":91}},"type":"cond-expr","locations":[{"start":{"line":21,"column":48},"end":{"line":21,"column":85}},{"start":{"line":21,"column":88},"end":{"line":21,"column":91}}],"line":21},"2":{"loc":{"start":{"line":21,"column":48},"end":{"line":21,"column":85}},"type":"binary-expr","locations":[{"start":{"line":21,"column":48},"end":{"line":21,"column":63}},{"start":{"line":21,"column":67},"end":{"line":21,"column":85}}],"line":21},"3":{"loc":{"start":{"line":22,"column":20},"end":{"line":22,"column":68}},"type":"cond-expr","locations":[{"start":{"line":22,"column":49},"end":{"line":22,"column":62}},{"start":{"line":22,"column":65},"end":{"line":22,"column":68}}],"line":22},"4":{"loc":{"start":{"line":33,"column":2},"end":{"line":33,"column":44}},"type":"if","locations":[{"start":{"line":33,"column":2},"end":{"line":33,"column":44}},{"start":{},"end":{}}],"line":33},"5":{"loc":{"start":{"line":34,"column":2},"end":{"line":34,"column":74}},"type":"if","locations":[{"start":{"line":34,"column":2},"end":{"line":34,"column":74}},{"start":{},"end":{}}],"line":34},"6":{"loc":{"start":{"line":34,"column":6},"end":{"line":34,"column":61}},"type":"binary-expr","locations":[{"start":{"line":34,"column":6},"end":{"line":34,"column":41}},{"start":{"line":34,"column":45},"end":{"line":34,"column":61}}],"line":34},"7":{"loc":{"start":{"line":35,"column":2},"end":{"line":35,"column":59}},"type":"if","locations":[{"start":{"line":35,"column":2},"end":{"line":35,"column":59}},{"start":{},"end":{}}],"line":35},"8":{"loc":{"start":{"line":35,"column":6},"end":{"line":35,"column":46}},"type":"binary-expr","locations":[{"start":{"line":35,"column":6},"end":{"line":35,"column":26}},{"start":{"line":35,"column":30},"end":{"line":35,"column":46}}],"line":35},"9":{"loc":{"start":{"line":36,"column":2},"end":{"line":36,"column":40}},"type":"if","locations":[{"start":{"line":36,"column":2},"end":{"line":36,"column":40}},{"start":{},"end":{}}],"line":36},"10":{"loc":{"start":{"line":39,"column":10},"end":{"line":39,"column":29}},"type":"binary-expr","locations":[{"start":{"line":39,"column":10},"end":{"line":39,"column":15}},{"start":{"line":39,"column":19},"end":{"line":39,"column":29}}],"line":39},"11":{"loc":{"start":{"line":40,"column":2},"end":{"line":43,"column":3}},"type":"if","locations":[{"start":{"line":40,"column":2},"end":{"line":43,"column":3}},{"start":{},"end":{}}],"line":40},"12":{"loc":{"start":{"line":46,"column":2},"end":{"line":49,"column":3}},"type":"if","locations":[{"start":{"line":46,"column":2},"end":{"line":49,"column":3}},{"start":{},"end":{}}],"line":46},"13":{"loc":{"start":{"line":60,"column":18},"end":{"line":60,"column":63}},"type":"binary-expr","locations":[{"start":{"line":60,"column":18},"end":{"line":60,"column":47}},{"start":{"line":60,"column":51},"end":{"line":60,"column":63}}],"line":60},"14":{"loc":{"start":{"line":64,"column":30},"end":{"line":64,"column":69}},"type":"binary-expr","locations":[{"start":{"line":64,"column":30},"end":{"line":64,"column":43}},{"start":{"line":64,"column":47},"end":{"line":64,"column":69}}],"line":64},"15":{"loc":{"start":{"line":65,"column":4},"end":{"line":68,"column":5}},"type":"if","locations":[{"start":{"line":65,"column":4},"end":{"line":68,"column":5}},{"start":{},"end":{}}],"line":65},"16":{"loc":{"start":{"line":69,"column":15},"end":{"line":69,"column":59}},"type":"binary-expr","locations":[{"start":{"line":69,"column":15},"end":{"line":69,"column":20}},{"start":{"line":69,"column":24},"end":{"line":69,"column":59}}],"line":69},"17":{"loc":{"start":{"line":76,"column":11},"end":{"line":76,"column":68}},"type":"binary-expr","locations":[{"start":{"line":76,"column":11},"end":{"line":76,"column":39}},{"start":{"line":76,"column":43},"end":{"line":76,"column":68}}],"line":76},"18":{"loc":{"start":{"line":77,"column":4},"end":{"line":77,"column":61}},"type":"if","locations":[{"start":{"line":77,"column":4},"end":{"line":77,"column":61}},{"start":{},"end":{}}],"line":77},"19":{"loc":{"start":{"line":93,"column":21},"end":{"line":94,"column":95}},"type":"cond-expr","locations":[{"start":{"line":94,"column":6},"end":{"line":94,"column":15}},{"start":{"line":94,"column":18},"end":{"line":94,"column":95}}],"line":93},"20":{"loc":{"start":{"line":94,"column":39},"end":{"line":94,"column":94}},"type":"binary-expr","locations":[{"start":{"line":94,"column":39},"end":{"line":94,"column":88}},{"start":{"line":94,"column":92},"end":{"line":94,"column":94}}],"line":94},"21":{"loc":{"start":{"line":94,"column":40},"end":{"line":94,"column":66}},"type":"binary-expr","locations":[{"start":{"line":94,"column":40},"end":{"line":94,"column":60}},{"start":{"line":94,"column":64},"end":{"line":94,"column":66}}],"line":94},"22":{"loc":{"start":{"line":95,"column":17},"end":{"line":95,"column":78}},"type":"cond-expr","locations":[{"start":{"line":95,"column":52},"end":{"line":95,"column":65}},{"start":{"line":95,"column":68},"end":{"line":95,"column":78}}],"line":95},"23":{"loc":{"start":{"line":98,"column":20},"end":{"line":98,"column":53}},"type":"binary-expr","locations":[{"start":{"line":98,"column":20},"end":{"line":98,"column":30}},{"start":{"line":98,"column":34},"end":{"line":98,"column":53}}],"line":98},"24":{"loc":{"start":{"line":99,"column":26},"end":{"line":100,"column":73}},"type":"cond-expr","locations":[{"start":{"line":99,"column":52},"end":{"line":99,"column":54}},{"start":{"line":99,"column":58},"end":{"line":100,"column":72}}],"line":99},"25":{"loc":{"start":{"line":100,"column":18},"end":{"line":100,"column":53}},"type":"cond-expr","locations":[{"start":{"line":100,"column":30},"end":{"line":100,"column":37}},{"start":{"line":100,"column":40},"end":{"line":100,"column":53}}],"line":100},"26":{"loc":{"start":{"line":101,"column":9},"end":{"line":101,"column":58}},"type":"cond-expr","locations":[{"start":{"line":101,"column":21},"end":{"line":101,"column":23}},{"start":{"line":101,"column":26},"end":{"line":101,"column":58}}],"line":101},"27":{"loc":{"start":{"line":103,"column":14},"end":{"line":103,"column":67}},"type":"binary-expr","locations":[{"start":{"line":103,"column":14},"end":{"line":103,"column":34}},{"start":{"line":103,"column":38},"end":{"line":103,"column":67}}],"line":103},"28":{"loc":{"start":{"line":106,"column":10},"end":{"line":107,"column":64}},"type":"cond-expr","locations":[{"start":{"line":106,"column":36},"end":{"line":106,"column":38}},{"start":{"line":106,"column":41},"end":{"line":107,"column":64}}],"line":106},"29":{"loc":{"start":{"line":106,"column":41},"end":{"line":107,"column":64}},"type":"cond-expr","locations":[{"start":{"line":107,"column":8},"end":{"line":107,"column":23}},{"start":{"line":107,"column":26},"end":{"line":107,"column":64}}],"line":106},"30":{"loc":{"start":{"line":115,"column":10},"end":{"line":115,"column":52}},"type":"cond-expr","locations":[{"start":{"line":115,"column":24},"end":{"line":115,"column":41}},{"start":{"line":115,"column":44},"end":{"line":115,"column":52}}],"line":115},"31":{"loc":{"start":{"line":120,"column":4},"end":{"line":123,"column":5}},"type":"if","locations":[{"start":{"line":120,"column":4},"end":{"line":123,"column":5}},{"start":{},"end":{}}],"line":120},"32":{"loc":{"start":{"line":121,"column":6},"end":{"line":121,"column":133}},"type":"if","locations":[{"start":{"line":121,"column":6},"end":{"line":121,"column":133}},{"start":{},"end":{}}],"line":121},"33":{"loc":{"start":{"line":121,"column":75},"end":{"line":121,"column":128}},"type":"cond-expr","locations":[{"start":{"line":121,"column":107},"end":{"line":121,"column":117}},{"start":{"line":121,"column":120},"end":{"line":121,"column":128}}],"line":121},"34":{"loc":{"start":{"line":121,"column":75},"end":{"line":121,"column":104}},"type":"binary-expr","locations":[{"start":{"line":121,"column":75},"end":{"line":121,"column":83}},{"start":{"line":121,"column":87},"end":{"line":121,"column":104}}],"line":121},"35":{"loc":{"start":{"line":122,"column":51},"end":{"line":122,"column":104}},"type":"cond-expr","locations":[{"start":{"line":122,"column":83},"end":{"line":122,"column":93}},{"start":{"line":122,"column":96},"end":{"line":122,"column":104}}],"line":122},"36":{"loc":{"start":{"line":122,"column":51},"end":{"line":122,"column":80}},"type":"binary-expr","locations":[{"start":{"line":122,"column":51},"end":{"line":122,"column":59}},{"start":{"line":122,"column":63},"end":{"line":122,"column":80}}],"line":122},"37":{"loc":{"start":{"line":144,"column":2},"end":{"line":144,"column":44}},"type":"if","locations":[{"start":{"line":144,"column":2},"end":{"line":144,"column":44}},{"start":{},"end":{}}],"line":144},"38":{"loc":{"start":{"line":145,"column":2},"end":{"line":145,"column":39}},"type":"binary-expr","locations":[{"start":{"line":145,"column":2},"end":{"line":145,"column":22}},{"start":{"line":145,"column":27},"end":{"line":145,"column":38}}],"line":145}},"s":{"0":2,"1":2,"2":2,"3":2,"4":0,"5":0,"6":0,"7":0,"8":0,"9":0,"10":0,"11":0,"12":0,"13":0,"14":0,"15":0,"16":0,"17":0,"18":0,"19":0,"20":0,"21":0,"22":0,"23":0,"24":0,"25":0,"26":0,"27":0,"28":0,"29":0,"30":0,"31":0,"32":0,"33":0,"34":0,"35":0,"36":0,"37":0,"38":0,"39":0,"40":0,"41":0,"42":0,"43":0,"44":0,"45":0,"46":0,"47":0,"48":0,"49":0,"50":0,"51":0,"52":0,"53":0,"54":0,"55":0,"56":0,"57":0,"58":0,"59":0,"60":0,"61":0,"62":0,"63":0,"64":0,"65":0,"66":0,"67":0,"68":0,"69":0},"f":{"0":0,"1":0,"2":0,"3":0,"4":0,"5":0,"6":0,"7":0,"8":0,"9":0,"10":0,"11":0,"12":0},"b":{"0":[2,0],"1":[0,0],"2":[0,0],"3":[0,0],"4":[0,0],"5":[0,0],"6":[0,0],"7":[0,0],"8":[0,0],"9":[0,0],"10":[0,0],"11":[0,0],"12":[0,0],"13":[0,0],"14":[0,0],"15":[0,0],"16":[0,0],"17":[0,0],"18":[0,0],"19":[0,0],"20":[0,0],"21":[0,0],"22":[0,0],"23":[0,0],"24":[0,0],"25":[0,0],"26":[0,0],"27":[0,0],"28":[0,0],"29":[0,0],"30":[0,0],"31":[0,0],"32":[0,0],"33":[0,0],"34":[0,0],"35":[0,0],"36":[0,0],"37":[0,0],"38":[0,0]},"_coverageSchema":"1a1c01bbd47fc00a2c39e90264f33305004495a9","hash":"fd857a2172048c65009e0dddbc5c77f477b6b4dd"}
,"C:\\Users\\betti\\Documents\\STUDIER\\KYH-PVT-2022\\HT23-Testautomatisering\\Inlämning3-Unittestning-React-Jest\\Filmvisarna\\client\\src\\react-easier\\helpers\\makeProxyFactory.js": {"path":"C:\\Users\\betti\\Documents\\STUDIER\\KYH-PVT-2022\\HT23-Testautomatisering\\Inlämning3-Unittestning-React-Jest\\Filmvisarna\\client\\src\\react-easier\\helpers\\makeProxyFactory.js","statementMap":{"0":{"start":{"line":15,"column":23},"end":{"line":45,"column":3}},"1":{"start":{"line":17,"column":6},"end":{"line":17,"column":71}},"2":{"start":{"line":18,"column":6},"end":{"line":24,"column":31}},"3":{"start":{"line":21,"column":27},"end":{"line":21,"column":56}},"4":{"start":{"line":27,"column":22},"end":{"line":27,"column":30}},"5":{"start":{"line":28,"column":6},"end":{"line":28,"column":21}},"6":{"start":{"line":29,"column":6},"end":{"line":29,"column":29}},"7":{"start":{"line":30,"column":6},"end":{"line":35,"column":11}},"8":{"start":{"line":31,"column":21},"end":{"line":31,"column":28}},"9":{"start":{"line":32,"column":22},"end":{"line":32,"column":94}},"10":{"start":{"line":33,"column":23},"end":{"line":33,"column":51}},"11":{"start":{"line":34,"column":8},"end":{"line":34,"column":89}},"12":{"start":{"line":36,"column":6},"end":{"line":36,"column":18}},"13":{"start":{"line":39,"column":22},"end":{"line":39,"column":30}},"14":{"start":{"line":40,"column":6},"end":{"line":40,"column":22}},"15":{"start":{"line":41,"column":6},"end":{"line":41,"column":29}},"16":{"start":{"line":42,"column":6},"end":{"line":42,"column":75}},"17":{"start":{"line":43,"column":6},"end":{"line":43,"column":18}},"18":{"start":{"line":48,"column":20},"end":{"line":49,"column":34}},"19":{"start":{"line":48,"column":25},"end":{"line":49,"column":34}},"20":{"start":{"line":51,"column":2},"end":{"line":51,"column":19}}},"fnMap":{"0":{"name":"makeProxyFactory","decl":{"start":{"line":10,"column":16},"end":{"line":10,"column":32}},"loc":{"start":{"line":12,"column":2},"end":{"line":52,"column":1}},"line":12},"1":{"name":"(anonymous_1)","decl":{"start":{"line":16,"column":4},"end":{"line":16,"column":5}},"loc":{"start":{"line":16,"column":18},"end":{"line":25,"column":5}},"line":16},"2":{"name":"(anonymous_2)","decl":{"start":{"line":21,"column":14},"end":{"line":21,"column":15}},"loc":{"start":{"line":21,"column":27},"end":{"line":21,"column":56}},"line":21},"3":{"name":"(anonymous_3)","decl":{"start":{"line":26,"column":4},"end":{"line":26,"column":5}},"loc":{"start":{"line":26,"column":23},"end":{"line":37,"column":5}},"line":26},"4":{"name":"(anonymous_4)","decl":{"start":{"line":30,"column":7},"end":{"line":30,"column":8}},"loc":{"start":{"line":30,"column":19},"end":{"line":35,"column":7}},"line":30},"5":{"name":"(anonymous_5)","decl":{"start":{"line":38,"column":4},"end":{"line":38,"column":5}},"loc":{"start":{"line":38,"column":29},"end":{"line":44,"column":5}},"line":38},"6":{"name":"(anonymous_6)","decl":{"start":{"line":48,"column":20},"end":{"line":48,"column":21}},"loc":{"start":{"line":48,"column":25},"end":{"line":49,"column":34}},"line":48}},"branchMap":{"0":{"loc":{"start":{"line":18,"column":13},"end":{"line":24,"column":30}},"type":"binary-expr","locations":[{"start":{"line":18,"column":13},"end":{"line":23,"column":12}},{"start":{"line":24,"column":11},"end":{"line":24,"column":30}}],"line":18},"1":{"loc":{"start":{"line":22,"column":11},"end":{"line":22,"column":128}},"type":"binary-expr","locations":[{"start":{"line":22,"column":11},"end":{"line":22,"column":16}},{"start":{"line":22,"column":21},"end":{"line":22,"column":127}}],"line":22},"2":{"loc":{"start":{"line":22,"column":21},"end":{"line":22,"column":127}},"type":"cond-expr","locations":[{"start":{"line":22,"column":77},"end":{"line":22,"column":80}},{"start":{"line":22,"column":83},"end":{"line":22,"column":127}}],"line":22},"3":{"loc":{"start":{"line":22,"column":21},"end":{"line":22,"column":74}},"type":"binary-expr","locations":[{"start":{"line":22,"column":21},"end":{"line":22,"column":44}},{"start":{"line":22,"column":48},"end":{"line":22,"column":74}}],"line":22},"4":{"loc":{"start":{"line":22,"column":83},"end":{"line":22,"column":127}},"type":"cond-expr","locations":[{"start":{"line":22,"column":106},"end":{"line":22,"column":114}},{"start":{"line":22,"column":117},"end":{"line":22,"column":127}}],"line":22},"5":{"loc":{"start":{"line":32,"column":22},"end":{"line":32,"column":94}},"type":"binary-expr","locations":[{"start":{"line":32,"column":22},"end":{"line":32,"column":42}},{"start":{"line":32,"column":46},"end":{"line":32,"column":94}}],"line":32},"6":{"loc":{"start":{"line":33,"column":23},"end":{"line":33,"column":51}},"type":"cond-expr","locations":[{"start":{"line":33,"column":33},"end":{"line":33,"column":46}},{"start":{"line":33,"column":49},"end":{"line":33,"column":51}}],"line":33},"7":{"loc":{"start":{"line":48,"column":25},"end":{"line":49,"column":34}},"type":"cond-expr","locations":[{"start":{"line":49,"column":4},"end":{"line":49,"column":30}},{"start":{"line":49,"column":33},"end":{"line":49,"column":34}}],"line":48},"8":{"loc":{"start":{"line":48,"column":25},"end":{"line":48,"column":59}},"type":"binary-expr","locations":[{"start":{"line":48,"column":25},"end":{"line":48,"column":44}},{"start":{"line":48,"column":48},"end":{"line":48,"column":59}}],"line":48}},"s":{"0":5,"1":0,"2":0,"3":0,"4":0,"5":0,"6":0,"7":0,"8":0,"9":0,"10":0,"11":0,"12":0,"13":0,"14":0,"15":0,"16":0,"17":0,"18":5,"19":5,"20":5},"f":{"0":5,"1":0,"2":0,"3":0,"4":0,"5":0,"6":5},"b":{"0":[0,0],"1":[0,0],"2":[0,0],"3":[0,0],"4":[0,0],"5":[0,0],"6":[0,0],"7":[5,0],"8":[5,5]},"_coverageSchema":"1a1c01bbd47fc00a2c39e90264f33305004495a9","hash":"9d8084452b1b6a88f809bd05c0b2a120c9b21158"}
,"C:\\Users\\betti\\Documents\\STUDIER\\KYH-PVT-2022\\HT23-Testautomatisering\\Inlämning3-Unittestning-React-Jest\\Filmvisarna\\client\\src\\react-easier\\helpers\\reportErrors.js": {"path":"C:\\Users\\betti\\Documents\\STUDIER\\KYH-PVT-2022\\HT23-Testautomatisering\\Inlämning3-Unittestning-React-Jest\\Filmvisarna\\client\\src\\react-easier\\helpers\\reportErrors.js","statementMap":{"0":{"start":{"line":7,"column":2},"end":{"line":7,"column":33}},"1":{"start":{"line":7,"column":30},"end":{"line":7,"column":31}},"2":{"start":{"line":10,"column":2},"end":{"line":31,"column":3}},"3":{"start":{"line":13,"column":18},"end":{"line":13,"column":59}},"4":{"start":{"line":14,"column":16},"end":{"line":14,"column":47}},"5":{"start":{"line":15,"column":4},"end":{"line":15,"column":32}},"6":{"start":{"line":16,"column":4},"end":{"line":16,"column":49}},"7":{"start":{"line":17,"column":4},"end":{"line":19,"column":64}},"8":{"start":{"line":22,"column":4},"end":{"line":22,"column":62}},"9":{"start":{"line":22,"column":38},"end":{"line":22,"column":60}},"10":{"start":{"line":25,"column":32},"end":{"line":25,"column":44}},"11":{"start":{"line":26,"column":4},"end":{"line":26,"column":58}},"12":{"start":{"line":30,"column":4},"end":{"line":30,"column":16}},"13":{"start":{"line":36,"column":2},"end":{"line":60,"column":4}}},"fnMap":{"0":{"name":"reportErrors","decl":{"start":{"line":4,"column":16},"end":{"line":4,"column":28}},"loc":{"start":{"line":4,"column":49},"end":{"line":32,"column":1}},"line":4},"1":{"name":"(anonymous_1)","decl":{"start":{"line":7,"column":25},"end":{"line":7,"column":26}},"loc":{"start":{"line":7,"column":30},"end":{"line":7,"column":31}},"line":7},"2":{"name":"(anonymous_2)","decl":{"start":{"line":22,"column":33},"end":{"line":22,"column":34}},"loc":{"start":{"line":22,"column":38},"end":{"line":22,"column":60}},"line":22},"3":{"name":"(anonymous_3)","decl":{"start":{"line":22,"column":51},"end":{"line":22,"column":52}},"loc":{"start":{"line":22,"column":57},"end":{"line":22,"column":60}},"line":22},"4":{"name":"styling","decl":{"start":{"line":35,"column":9},"end":{"line":35,"column":16}},"loc":{"start":{"line":35,"column":19},"end":{"line":61,"column":1}},"line":35}},"branchMap":{"0":{"loc":{"start":{"line":4,"column":36},"end":{"line":4,"column":47}},"type":"default-arg","locations":[{"start":{"line":4,"column":45},"end":{"line":4,"column":47}}],"line":4},"1":{"loc":{"start":{"line":10,"column":2},"end":{"line":31,"column":3}},"type":"if","locations":[{"start":{"line":10,"column":2},"end":{"line":31,"column":3}},{"start":{"line":28,"column":7},"end":{"line":31,"column":3}}],"line":10}},"s":{"0":0,"1":0,"2":0,"3":0,"4":0,"5":0,"6":0,"7":0,"8":0,"9":0,"10":0,"11":0,"12":0,"13":0},"f":{"0":0,"1":0,"2":0,"3":0,"4":0},"b":{"0":[0],"1":[0,0]},"_coverageSchema":"1a1c01bbd47fc00a2c39e90264f33305004495a9","hash":"e740e6e513876c2d1b0b1f781a45436783ecc80a"}
,"C:\\Users\\betti\\Documents\\STUDIER\\KYH-PVT-2022\\HT23-Testautomatisering\\Inlämning3-Unittestning-React-Jest\\Filmvisarna\\client\\src\\react-easier\\helpers\\stack.js": {"path":"C:\\Users\\betti\\Documents\\STUDIER\\KYH-PVT-2022\\HT23-Testautomatisering\\Inlämning3-Unittestning-React-Jest\\Filmvisarna\\client\\src\\react-easier\\helpers\\stack.js","statementMap":{"0":{"start":{"line":6,"column":2},"end":{"line":6,"column":54}},"1":{"start":{"line":11,"column":2},"end":{"line":11,"column":18}},"2":{"start":{"line":17,"column":14},"end":{"line":17,"column":54}},"3":{"start":{"line":20,"column":16},"end":{"line":20,"column":74}},"4":{"start":{"line":21,"column":20},"end":{"line":21,"column":61}},"5":{"start":{"line":21,"column":41},"end":{"line":21,"column":60}},"6":{"start":{"line":22,"column":2},"end":{"line":22,"column":42}},"7":{"start":{"line":25,"column":13},"end":{"line":25,"column":31}},"8":{"start":{"line":26,"column":2},"end":{"line":36,"column":3}},"9":{"start":{"line":27,"column":19},"end":{"line":30,"column":9}},"10":{"start":{"line":29,"column":8},"end":{"line":29,"column":74}},"11":{"start":{"line":31,"column":14},"end":{"line":31,"column":56}},"12":{"start":{"line":32,"column":25},"end":{"line":32,"column":72}},"13":{"start":{"line":32,"column":60},"end":{"line":32,"column":71}},"14":{"start":{"line":35,"column":4},"end":{"line":35,"column":53}},"15":{"start":{"line":37,"column":2},"end":{"line":37,"column":15}}},"fnMap":{"0":{"name":"stack","decl":{"start":{"line":5,"column":16},"end":{"line":5,"column":21}},"loc":{"start":{"line":5,"column":32},"end":{"line":7,"column":1}},"line":5},"1":{"name":"errorStack","decl":{"start":{"line":10,"column":16},"end":{"line":10,"column":26}},"loc":{"start":{"line":10,"column":29},"end":{"line":12,"column":1}},"line":10},"2":{"name":"_stack","decl":{"start":{"line":14,"column":9},"end":{"line":14,"column":15}},"loc":{"start":{"line":14,"column":18},"end":{"line":38,"column":1}},"line":14},"3":{"name":"(anonymous_3)","decl":{"start":{"line":21,"column":36},"end":{"line":21,"column":37}},"loc":{"start":{"line":21,"column":41},"end":{"line":21,"column":60}},"line":21},"4":{"name":"(anonymous_4)","decl":{"start":{"line":28,"column":11},"end":{"line":28,"column":12}},"loc":{"start":{"line":28,"column":16},"end":{"line":30,"column":7}},"line":28},"5":{"name":"(anonymous_5)","decl":{"start":{"line":32,"column":55},"end":{"line":32,"column":56}},"loc":{"start":{"line":32,"column":60},"end":{"line":32,"column":71}},"line":32}},"branchMap":{"0":{"loc":{"start":{"line":6,"column":9},"end":{"line":6,"column":53}},"type":"binary-expr","locations":[{"start":{"line":6,"column":9},"end":{"line":6,"column":33}},{"start":{"line":6,"column":37},"end":{"line":6,"column":53}}],"line":6},"1":{"loc":{"start":{"line":26,"column":2},"end":{"line":36,"column":3}},"type":"if","locations":[{"start":{"line":26,"column":2},"end":{"line":36,"column":3}},{"start":{},"end":{}}],"line":26},"2":{"loc":{"start":{"line":29,"column":15},"end":{"line":29,"column":74}},"type":"binary-expr","locations":[{"start":{"line":29,"column":15},"end":{"line":29,"column":19}},{"start":{"line":29,"column":23},"end":{"line":29,"column":74}}],"line":29},"3":{"loc":{"start":{"line":29,"column":46},"end":{"line":29,"column":73}},"type":"cond-expr","locations":[{"start":{"line":29,"column":61},"end":{"line":29,"column":62}},{"start":{"line":29,"column":65},"end":{"line":29,"column":73}}],"line":29}},"s":{"0":0,"1":0,"2":0,"3":0,"4":0,"5":0,"6":0,"7":0,"8":0,"9":0,"10":0,"11":0,"12":0,"13":0,"14":0,"15":0},"f":{"0":0,"1":0,"2":0,"3":0,"4":0,"5":0},"b":{"0":[0,0],"1":[0,0],"2":[0,0],"3":[0,0]},"_coverageSchema":"1a1c01bbd47fc00a2c39e90264f33305004495a9","hash":"57a6d45b814c171b6152a2de39b1408a80525d77"}
,"C:\\Users\\betti\\Documents\\STUDIER\\KYH-PVT-2022\\HT23-Testautomatisering\\Inlämning3-Unittestning-React-Jest\\Filmvisarna\\client\\src\\service\\fetchService.js": {"path":"C:\\Users\\betti\\Documents\\STUDIER\\KYH-PVT-2022\\HT23-Testautomatisering\\Inlämning3-Unittestning-React-Jest\\Filmvisarna\\client\\src\\service\\fetchService.js","statementMap":{"0":{"start":{"line":1,"column":21},"end":{"line":15,"column":1}},"1":{"start":{"line":2,"column":18},"end":{"line":8,"column":3}},"2":{"start":{"line":10,"column":2},"end":{"line":12,"column":3}},"3":{"start":{"line":11,"column":6},"end":{"line":11,"column":42}},"4":{"start":{"line":14,"column":2},"end":{"line":14,"column":17}},"5":{"start":{"line":17,"column":26},"end":{"line":30,"column":1}},"6":{"start":{"line":18,"column":18},"end":{"line":23,"column":3}},"7":{"start":{"line":25,"column":2},"end":{"line":27,"column":3}},"8":{"start":{"line":26,"column":6},"end":{"line":26,"column":42}},"9":{"start":{"line":29,"column":2},"end":{"line":29,"column":17}},"10":{"start":{"line":32,"column":35},"end":{"line":53,"column":1}},"11":{"start":{"line":33,"column":22},"end":{"line":33,"column":75}},"12":{"start":{"line":34,"column":20},"end":{"line":34,"column":34}},"13":{"start":{"line":36,"column":17},"end":{"line":36,"column":83}},"14":{"start":{"line":39,"column":18},"end":{"line":39,"column":44}},"15":{"start":{"line":41,"column":2},"end":{"line":52,"column":3}},"16":{"start":{"line":42,"column":17},"end":{"line":42,"column":45}},"17":{"start":{"line":43,"column":4},"end":{"line":45,"column":5}},"18":{"start":{"line":44,"column":6},"end":{"line":44,"column":60}},"19":{"start":{"line":47,"column":17},"end":{"line":47,"column":34}},"20":{"start":{"line":48,"column":4},"end":{"line":48,"column":16}},"21":{"start":{"line":50,"column":4},"end":{"line":50,"column":58}},"22":{"start":{"line":51,"column":4},"end":{"line":51,"column":16}},"23":{"start":{"line":54,"column":30},"end":{"line":64,"column":1}},"24":{"start":{"line":56,"column":4},"end":{"line":60,"column":5}},"25":{"start":{"line":57,"column":6},"end":{"line":57,"column":43}},"26":{"start":{"line":59,"column":6},"end":{"line":59,"column":48}},"27":{"start":{"line":61,"column":15},"end":{"line":61,"column":40}},"28":{"start":{"line":62,"column":15},"end":{"line":62,"column":32}},"29":{"start":{"line":63,"column":4},"end":{"line":63,"column":16}}},"fnMap":{"0":{"name":"(anonymous_0)","decl":{"start":{"line":1,"column":21},"end":{"line":1,"column":22}},"loc":{"start":{"line":1,"column":39},"end":{"line":15,"column":1}},"line":1},"1":{"name":"(anonymous_1)","decl":{"start":{"line":17,"column":26},"end":{"line":17,"column":27}},"loc":{"start":{"line":17,"column":44},"end":{"line":30,"column":1}},"line":17},"2":{"name":"(anonymous_2)","decl":{"start":{"line":32,"column":35},"end":{"line":32,"column":36}},"loc":{"start":{"line":32,"column":87},"end":{"line":53,"column":1}},"line":32},"3":{"name":"(anonymous_3)","decl":{"start":{"line":54,"column":30},"end":{"line":54,"column":31}},"loc":{"start":{"line":54,"column":59},"end":{"line":64,"column":1}},"line":54}},"branchMap":{"0":{"loc":{"start":{"line":10,"column":2},"end":{"line":12,"column":3}},"type":"if","locations":[{"start":{"line":10,"column":2},"end":{"line":12,"column":3}},{"start":{},"end":{}}],"line":10},"1":{"loc":{"start":{"line":10,"column":6},"end":{"line":10,"column":30}},"type":"binary-expr","locations":[{"start":{"line":10,"column":6},"end":{"line":10,"column":22}},{"start":{"line":10,"column":26},"end":{"line":10,"column":30}}],"line":10},"2":{"loc":{"start":{"line":25,"column":2},"end":{"line":27,"column":3}},"type":"if","locations":[{"start":{"line":25,"column":2},"end":{"line":27,"column":3}},{"start":{},"end":{}}],"line":25},"3":{"loc":{"start":{"line":25,"column":6},"end":{"line":25,"column":30}},"type":"binary-expr","locations":[{"start":{"line":25,"column":6},"end":{"line":25,"column":22}},{"start":{"line":25,"column":26},"end":{"line":25,"column":30}}],"line":25},"4":{"loc":{"start":{"line":32,"column":61},"end":{"line":32,"column":69}},"type":"default-arg","locations":[{"start":{"line":32,"column":68},"end":{"line":32,"column":69}}],"line":32},"5":{"loc":{"start":{"line":32,"column":71},"end":{"line":32,"column":82}},"type":"default-arg","locations":[{"start":{"line":32,"column":80},"end":{"line":32,"column":82}}],"line":32},"6":{"loc":{"start":{"line":33,"column":22},"end":{"line":33,"column":75}},"type":"cond-expr","locations":[{"start":{"line":33,"column":31},"end":{"line":33,"column":70}},{"start":{"line":33,"column":73},"end":{"line":33,"column":75}}],"line":33},"7":{"loc":{"start":{"line":36,"column":26},"end":{"line":36,"column":55}},"type":"cond-expr","locations":[{"start":{"line":36,"column":46},"end":{"line":36,"column":49}},{"start":{"line":36,"column":52},"end":{"line":36,"column":55}}],"line":36},"8":{"loc":{"start":{"line":43,"column":4},"end":{"line":45,"column":5}},"type":"if","locations":[{"start":{"line":43,"column":4},"end":{"line":45,"column":5}},{"start":{},"end":{}}],"line":43},"9":{"loc":{"start":{"line":56,"column":4},"end":{"line":60,"column":5}},"type":"if","locations":[{"start":{"line":56,"column":4},"end":{"line":60,"column":5}},{"start":{"line":58,"column":11},"end":{"line":60,"column":5}}],"line":56}},"s":{"0":2,"1":0,"2":0,"3":0,"4":0,"5":2,"6":0,"7":0,"8":0,"9":0,"10":2,"11":0,"12":0,"13":0,"14":0,"15":0,"16":0,"17":0,"18":0,"19":0,"20":0,"21":0,"22":0,"23":2,"24":0,"25":0,"26":0,"27":0,"28":0,"29":0},"f":{"0":0,"1":0,"2":0,"3":0},"b":{"0":[0,0],"1":[0,0],"2":[0,0],"3":[0,0],"4":[0],"5":[0],"6":[0,0],"7":[0,0],"8":[0,0],"9":[0,0]},"_coverageSchema":"1a1c01bbd47fc00a2c39e90264f33305004495a9","hash":"8385056ee5bd31601fbea6f8eedbd6df186ca258"}
,"C:\\Users\\betti\\Documents\\STUDIER\\KYH-PVT-2022\\HT23-Testautomatisering\\Inlämning3-Unittestning-React-Jest\\Filmvisarna\\client\\src\\service\\newDateFormat.js": {"path":"C:\\Users\\betti\\Documents\\STUDIER\\KYH-PVT-2022\\HT23-Testautomatisering\\Inlämning3-Unittestning-React-Jest\\Filmvisarna\\client\\src\\service\\newDateFormat.js","statementMap":{"0":{"start":{"line":1,"column":22},"end":{"line":27,"column":1}},"1":{"start":{"line":2,"column":20},"end":{"line":6,"column":5}},"2":{"start":{"line":8,"column":26},"end":{"line":8,"column":77}},"3":{"start":{"line":11,"column":20},"end":{"line":11,"column":47}},"4":{"start":{"line":12,"column":31},"end":{"line":12,"column":81}},"5":{"start":{"line":14,"column":22},"end":{"line":14,"column":49}},"6":{"start":{"line":16,"column":18},"end":{"line":16,"column":45}},"7":{"start":{"line":19,"column":4},"end":{"line":23,"column":5}},"8":{"start":{"line":20,"column":8},"end":{"line":20,"column":42}},"9":{"start":{"line":22,"column":8},"end":{"line":22,"column":42}},"10":{"start":{"line":24,"column":31},"end":{"line":24,"column":86}},"11":{"start":{"line":26,"column":4},"end":{"line":26,"column":30}}},"fnMap":{"0":{"name":"(anonymous_0)","decl":{"start":{"line":1,"column":22},"end":{"line":1,"column":23}},"loc":{"start":{"line":1,"column":32},"end":{"line":27,"column":1}},"line":1}},"branchMap":{"0":{"loc":{"start":{"line":19,"column":4},"end":{"line":23,"column":5}},"type":"if","locations":[{"start":{"line":19,"column":4},"end":{"line":23,"column":5}},{"start":{"line":21,"column":11},"end":{"line":23,"column":5}}],"line":19},"1":{"loc":{"start":{"line":19,"column":9},"end":{"line":19,"column":113}},"type":"binary-expr","locations":[{"start":{"line":19,"column":9},"end":{"line":19,"column":26}},{"start":{"line":19,"column":30},"end":{"line":19,"column":47}},{"start":{"line":19,"column":51},"end":{"line":19,"column":69}},{"start":{"line":19,"column":73},"end":{"line":19,"column":91}},{"start":{"line":19,"column":95},"end":{"line":19,"column":113}}],"line":19}},"s":{"0":2,"1":6,"2":6,"3":6,"4":6,"5":6,"6":6,"7":6,"8":0,"9":6,"10":6,"11":6},"f":{"0":6},"b":{"0":[0,6],"1":[6,6,6,6,6]},"_coverageSchema":"1a1c01bbd47fc00a2c39e90264f33305004495a9","hash":"4a029d02d335ed0d63dd8fd8b39db8e97a992ca2"}
}
