TN:
SF:src\styles.js
FNF:0
FNH:0
DA:1,1
LF:1
LH:1
BRF:0
BRH:0
end_of_record
TN:
SF:src\assets\index.js
FNF:0
FNH:0
LF:0
LH:0
BRF:0
BRH:0
end_of_record
TN:
SF:src\components\Loader.jsx
FN:1,Loader
FNF:1
FNH:0
FNDA:0,Loader
DA:2,0
LF:1
LH:0
BRF:0
BRH:0
end_of_record
TN:
SF:src\components\bookMovie\BookingTicketsForm.jsx
FN:6,BookingTicketsForm
FN:9,(anonymous_1)
FN:12,handleChange
FN:25,(anonymous_3)
FN:26,(anonymous_4)
FNF:5
FNH:3
FNDA:5,BookingTicketsForm
FNDA:5,(anonymous_1)
FNDA:0,handleChange
FNDA:2,(anonymous_3)
FNDA:0,(anonymous_4)
DA:7,5
DA:8,5
DA:9,5
DA:10,5
DA:13,0
DA:16,5
DA:25,2
DA:26,0
LF:8
LH:6
BRF:0
BRH:0
end_of_record
TN:
SF:src\components\bookMovie\ConfirmBooking.jsx
FN:7,ConfirmBooking
FN:11,(anonymous_1)
FN:64,(anonymous_2)
FN:65,(anonymous_3)
FN:73,(anonymous_4)
FNF:5
FNH:4
FNDA:1,ConfirmBooking
FNDA:1,(anonymous_1)
FNDA:2,(anonymous_2)
FNDA:2,(anonymous_3)
FNDA:0,(anonymous_4)
DA:10,1
DA:11,1
DA:12,1
DA:14,1
DA:64,2
DA:65,2
DA:73,0
DA:85,1
LF:8
LH:7
BRDA:22,0,0,1
BRDA:22,0,1,1
BRDA:22,0,2,1
BRDA:22,0,3,1
BRDA:34,1,0,0
BRDA:34,1,1,1
BRDA:39,2,0,1
BRDA:39,2,1,1
BRDA:39,2,2,1
BRDA:43,3,0,1
BRDA:43,3,1,1
BRDA:43,3,2,0
BRDA:55,4,0,0
BRDA:55,4,1,1
BRDA:56,5,0,1
BRDA:56,5,1,0
BRDA:57,6,0,1
BRDA:57,6,1,0
BRDA:58,7,0,0
BRDA:58,7,1,1
BRDA:59,8,0,0
BRDA:59,8,1,1
BRF:22
BRH:15
end_of_record
TN:
SF:src\components\userPage\CancelBooking.jsx
FN:7,CancelBooking
FN:8,cancelBooking
FN:42,(anonymous_2)
FN:43,(anonymous_3)
FN:52,(anonymous_4)
FN:52,(anonymous_5)
FNF:6
FNH:3
FNDA:5,CancelBooking
FNDA:0,cancelBooking
FNDA:10,(anonymous_2)
FNDA:10,(anonymous_3)
FNDA:0,(anonymous_4)
FNDA:0,(anonymous_5)
DA:9,0
DA:10,0
DA:11,0
DA:13,0
DA:16,5
DA:42,10
DA:44,10
DA:45,5
DA:47,5
DA:52,0
LF:10
LH:5
BRDA:10,0,0,0
BRDA:10,0,1,0
BRDA:32,1,0,5
BRDA:32,1,1,5
BRDA:42,2,0,5
BRDA:42,2,1,0
BRDA:44,3,0,5
BRDA:44,3,1,5
BRDA:51,4,0,0
BRDA:51,4,1,5
BRF:10
BRH:6
end_of_record
TN:
SF:src\hooks\useFormDefaults.js
FN:4,useFormDefaults
FN:10,defaults
FN:14,(anonymous_2)
FN:25,(anonymous_3)
FNF:4
FNH:2
FNDA:1,useFormDefaults
FNDA:6,defaults
FNDA:0,(anonymous_2)
FNDA:0,(anonymous_3)
DA:6,1
DA:14,0
DA:17,6
DA:26,0
DA:29,0
DA:34,1
LF:6
LH:3
BRDA:13,0,0,3
BRDA:14,1,0,3
BRDA:15,2,0,3
BRDA:19,3,0,6
BRDA:19,3,1,6
BRDA:29,4,0,0
BRDA:29,4,1,0
BRF:7
BRH:5
end_of_record
TN:
SF:src\pages\Register.jsx
FN:9,Register
FN:29,resetForm
FN:52,SignUp
FN:89,(anonymous_3)
FN:124,(anonymous_4)
FN:160,(anonymous_5)
FN:183,(anonymous_6)
FN:199,(anonymous_7)
FNF:8
FNH:1
FNDA:1,Register
FNDA:0,resetForm
FNDA:0,SignUp
FNDA:0,(anonymous_3)
FNDA:0,(anonymous_4)
FNDA:0,(anonymous_5)
FNDA:0,(anonymous_6)
FNDA:0,(anonymous_7)
DA:10,1
DA:11,1
DA:13,1
DA:14,1
DA:18,1
DA:22,1
DA:30,0
DA:31,0
DA:32,0
DA:33,0
DA:34,0
DA:35,0
DA:38,1
DA:53,0
DA:54,0
DA:55,0
DA:56,0
DA:62,0
DA:63,0
DA:64,0
DA:65,0
DA:70,0
DA:71,0
DA:73,0
DA:74,0
DA:75,0
DA:76,0
DA:77,0
DA:80,0
DA:81,0
DA:85,0
DA:89,1
DA:90,0
DA:92,0
DA:93,0
DA:96,1
DA:124,0
DA:160,0
DA:183,0
DA:199,0
LF:40
LH:9
BRDA:62,0,0,0
BRDA:62,0,1,0
BRDA:70,1,0,0
BRDA:70,1,1,0
BRDA:75,2,0,0
BRDA:75,2,1,0
BRDA:127,3,0,1
BRDA:127,3,1,0
BRDA:183,4,0,0
BRDA:183,4,1,0
BRDA:183,4,2,0
BRDA:205,5,0,1
BRDA:205,5,1,0
BRDA:212,6,0,1
BRDA:212,6,1,0
BRDA:225,7,0,1
BRDA:225,7,1,0
BRF:17
BRH:4
end_of_record
TN:
SF:src\react-easier\index.js
FNF:0
FNH:0
LF:0
LH:0
BRF:0
BRH:0
end_of_record
TN:
SF:src\react-easier\useAutoKeys.js
FN:4,useAutoKeys
FN:19,(anonymous_1)
FN:29,(anonymous_2)
FN:35,(anonymous_3)
FN:51,(anonymous_4)
FN:55,(anonymous_5)
FNF:6
FNH:0
FNDA:0,useAutoKeys
FNDA:0,(anonymous_1)
FNDA:0,(anonymous_2)
FNDA:0,(anonymous_3)
FNDA:0,(anonymous_4)
FNDA:0,(anonymous_5)
DA:11,0
DA:14,0
DA:17,0
DA:19,0
DA:23,0
DA:26,0
DA:29,0
DA:32,0
DA:35,0
DA:36,0
DA:42,0
DA:43,0
DA:44,0
DA:45,0
DA:46,0
DA:51,0
DA:52,0
DA:55,0
DA:56,0
LF:19
LH:0
BRDA:5,0,0,0
BRDA:6,1,0,0
BRDA:14,2,0,0
BRDA:14,2,1,0
BRDA:17,3,0,0
BRDA:17,3,1,0
BRDA:18,4,0,0
BRDA:18,4,1,0
BRDA:18,5,0,0
BRDA:18,5,1,0
BRDA:19,6,0,0
BRDA:19,6,1,0
BRDA:19,6,2,0
BRDA:21,7,0,0
BRDA:21,7,1,0
BRDA:21,7,2,0
BRDA:35,8,0,0
BRDA:35,8,1,0
BRDA:35,9,0,0
BRDA:35,9,1,0
BRDA:43,10,0,0
BRDA:43,10,1,0
BRDA:45,11,0,0
BRDA:45,11,1,0
BRDA:45,11,2,0
BRDA:45,11,3,0
BRDA:46,12,0,0
BRDA:46,12,1,0
BRDA:52,13,0,0
BRDA:52,13,1,0
BRDA:52,14,0,0
BRDA:52,14,1,0
BRDA:56,15,0,0
BRDA:56,15,1,0
BRDA:56,16,0,0
BRDA:56,16,1,0
BRF:36
BRH:0
end_of_record
TN:
SF:src\react-easier\useDebug.js
FN:1,useDebug
FNF:1
FNH:0
FNDA:0,useDebug
DA:2,0
DA:5,0
DA:6,0
LF:3
LH:0
BRDA:1,0,0,0
BRDA:1,1,0,0
BRF:2
BRH:0
end_of_record
TN:
SF:src\react-easier\useFetch.js
FN:10,useFetch
FN:18,(anonymous_1)
FN:32,goFetch
FN:38,(anonymous_3)
FN:77,_fetch
FN:84,(anonymous_5)
FN:89,debounceMemPurge
FNF:7
FNH:2
FNDA:0,useFetch
FNDA:0,(anonymous_1)
FNDA:5,goFetch
FNDA:10,(anonymous_3)
FNDA:0,_fetch
FNDA:0,(anonymous_5)
FNDA:0,debounceMemPurge
DA:6,2
DA:11,0
DA:12,0
DA:13,0
DA:14,0
DA:16,0
DA:17,0
DA:18,0
DA:19,0
DA:20,0
DA:21,0
DA:23,0
DA:24,0
DA:26,0
DA:33,5
DA:35,5
DA:36,5
DA:37,5
DA:38,5
DA:39,10
DA:45,10
DA:50,0
DA:53,5
DA:54,0
DA:56,0
DA:57,0
DA:58,0
DA:59,0
DA:60,0
DA:67,0
DA:68,0
DA:69,0
DA:70,0
DA:72,5
DA:81,0
DA:82,0
DA:83,0
DA:84,0
DA:85,0
DA:90,0
DA:91,0
LF:41
LH:10
BRDA:12,0,0,0
BRDA:12,0,1,0
BRDA:16,1,0,0
BRDA:16,1,1,0
BRDA:17,2,0,0
BRDA:17,2,1,0
BRDA:19,3,0,0
BRDA:19,3,1,0
BRDA:35,4,0,5
BRDA:35,4,1,0
BRDA:39,5,0,10
BRDA:39,5,1,10
BRDA:39,5,2,0
BRDA:39,5,3,0
BRDA:39,5,4,0
BRDA:39,5,5,0
BRDA:50,6,0,0
BRDA:50,6,1,0
BRDA:54,7,0,0
BRDA:54,7,1,0
BRDA:60,8,0,0
BRDA:60,8,1,0
BRDA:69,9,0,0
BRDA:69,9,1,0
BRDA:83,10,0,0
BRDA:83,10,1,0
BRDA:91,11,0,0
BRDA:91,11,1,0
BRF:28
BRH:3
end_of_record
TN:
SF:src\react-easier\useOnMount.js
FN:3,useOnMount
FN:4,(anonymous_1)
FN:5,(anonymous_2)
FN:12,useOnCleanup
FN:13,(anonymous_4)
FN:14,(anonymous_5)
FN:18,(anonymous_6)
FNF:7
FNH:0
FNDA:0,useOnMount
FNDA:0,(anonymous_1)
FNDA:0,(anonymous_2)
FNDA:0,useOnCleanup
FNDA:0,(anonymous_4)
FNDA:0,(anonymous_5)
FNDA:0,(anonymous_6)
DA:4,0
DA:5,0
DA:6,0
DA:9,0
DA:13,0
DA:14,0
DA:15,0
DA:18,0
LF:8
LH:0
BRF:0
BRH:0
end_of_record
TN:
SF:src\react-easier\useStates.js
FN:10,useStates
FN:27,(anonymous_1)
FN:34,(anonymous_2)
FN:35,(anonymous_3)
FN:37,(anonymous_4)
FN:44,setState
FN:45,(anonymous_6)
FN:49,removeStatesWithNoListeners
FNF:8
FNH:5
FNDA:5,useStates
FNDA:5,(anonymous_1)
FNDA:5,(anonymous_2)
FNDA:0,(anonymous_3)
FNDA:5,(anonymous_4)
FNDA:0,setState
FNDA:0,(anonymous_6)
FNDA:3,removeStatesWithNoListeners
DA:8,2
DA:13,5
DA:14,5
DA:15,5
DA:18,5
DA:19,5
DA:20,5
DA:22,5
DA:23,5
DA:24,5
DA:26,5
DA:27,5
DA:28,5
DA:30,5
DA:33,5
DA:34,5
DA:35,5
DA:36,5
DA:37,5
DA:38,5
DA:39,5
DA:45,0
DA:50,3
DA:51,3
DA:57,5
DA:60,5
DA:63,5
LF:27
LH:26
BRDA:20,0,0,5
BRDA:20,0,1,0
BRDA:20,0,2,0
BRDA:20,0,3,0
BRDA:22,1,0,5
BRDA:22,1,1,5
BRDA:23,2,0,5
BRDA:23,2,1,2
BRDA:24,3,0,5
BRDA:24,3,1,5
BRDA:24,3,2,0
BRDA:27,4,0,5
BRDA:27,4,1,5
BRDA:28,5,0,5
BRDA:28,5,1,5
BRDA:28,5,2,0
BRDA:30,6,0,0
BRDA:30,6,1,5
BRDA:51,7,0,3
BRDA:51,7,1,0
BRF:20
BRH:13
end_of_record
TN:
SF:src\react-easier\helpers\bindStatesToForm.js
FN:3,bind
FN:15,(anonymous_1)
FNF:2
FNH:0
FNDA:0,bind
FNDA:0,(anonymous_1)
DA:7,0
DA:11,0
DA:18,0
DA:20,0
DA:22,0
LF:5
LH:0
BRDA:3,0,0,0
BRDA:7,1,0,0
BRDA:7,1,1,0
BRDA:18,2,0,0
BRDA:18,2,1,0
BRDA:20,3,0,0
BRDA:20,3,1,0
BRDA:22,4,0,0
BRDA:22,4,1,0
BRDA:23,5,0,0
BRDA:23,5,1,0
BRDA:24,6,0,0
BRDA:24,6,1,0
BRDA:25,7,0,0
BRDA:25,7,1,0
BRF:15
BRH:0
end_of_record
TN:
SF:src\react-easier\helpers\consoleSrcMapped.js
FN:4,(anonymous_0)
FN:5,(anonymous_1)
FN:10,(anonymous_2)
FN:10,(anonymous_3)
FN:12,consoleSrcMapped
FNF:5
FNH:2
FNDA:48,(anonymous_0)
FNDA:40,(anonymous_1)
FNDA:0,(anonymous_2)
FNDA:0,(anonymous_3)
FNDA:0,consoleSrcMapped
DA:2,2
DA:3,2
DA:4,48
DA:5,40
DA:6,2
DA:8,2
DA:9,2
DA:10,2
DA:14,0
DA:15,0
DA:16,0
DA:17,0
DA:22,0
DA:23,0
DA:26,0
DA:27,0
DA:28,0
DA:29,0
DA:30,0
DA:34,0
DA:39,0
DA:40,0
DA:41,0
DA:42,0
DA:50,0
DA:51,0
DA:53,0
DA:57,0
DA:58,0
DA:59,0
DA:60,0
DA:62,0
DA:63,0
DA:64,0
LF:34
LH:8
BRDA:22,0,0,0
BRDA:22,0,1,0
BRDA:22,1,0,0
BRDA:22,1,1,0
BRDA:27,2,0,0
BRDA:27,2,1,0
BRDA:29,3,0,0
BRDA:29,3,1,0
BRDA:40,4,0,0
BRDA:40,4,1,0
BRDA:47,5,0,0
BRDA:47,5,1,0
BRDA:51,6,0,0
BRDA:51,6,1,0
BRF:14
BRH:0
end_of_record
TN:
SF:src\react-easier\helpers\debugLog.js
FN:17,deepCopy
FN:21,(anonymous_1)
FN:22,(anonymous_2)
FN:28,debugLog
FN:47,(anonymous_4)
FN:59,(anonymous_5)
FN:60,(anonymous_6)
FN:64,(anonymous_7)
FN:72,(anonymous_8)
FN:76,(anonymous_9)
FN:100,(anonymous_10)
FN:113,(anonymous_11)
FN:141,debugLogFetch
FNF:13
FNH:0
FNDA:0,deepCopy
FNDA:0,(anonymous_1)
FNDA:0,(anonymous_2)
FNDA:0,debugLog
FNDA:0,(anonymous_4)
FNDA:0,(anonymous_5)
FNDA:0,(anonymous_6)
FNDA:0,(anonymous_7)
FNDA:0,(anonymous_8)
FNDA:0,(anonymous_9)
FNDA:0,(anonymous_10)
FNDA:0,(anonymous_11)
FNDA:0,debugLogFetch
DA:3,2
DA:6,2
DA:9,2
DA:10,2
DA:18,0
DA:19,0
DA:20,0
DA:21,0
DA:22,0
DA:25,0
DA:33,0
DA:34,0
DA:35,0
DA:36,0
DA:39,0
DA:40,0
DA:41,0
DA:42,0
DA:46,0
DA:47,0
DA:48,0
DA:52,0
DA:55,0
DA:58,0
DA:59,0
DA:60,0
DA:61,0
DA:62,0
DA:64,0
DA:65,0
DA:66,0
DA:67,0
DA:69,0
DA:72,0
DA:75,0
DA:76,0
DA:77,0
DA:80,0
DA:90,0
DA:93,0
DA:95,0
DA:96,0
DA:97,0
DA:100,0
DA:112,0
DA:113,0
DA:114,0
DA:115,0
DA:116,0
DA:120,0
DA:121,0
DA:122,0
DA:124,0
DA:127,0
DA:137,0
DA:144,0
DA:145,0
DA:146,0
LF:58
LH:4
BRDA:9,0,0,2
BRDA:9,0,1,0
BRDA:21,1,0,0
BRDA:21,1,1,0
BRDA:21,2,0,0
BRDA:21,2,1,0
BRDA:22,3,0,0
BRDA:22,3,1,0
BRDA:33,4,0,0
BRDA:33,4,1,0
BRDA:34,5,0,0
BRDA:34,5,1,0
BRDA:34,6,0,0
BRDA:34,6,1,0
BRDA:35,7,0,0
BRDA:35,7,1,0
BRDA:35,8,0,0
BRDA:35,8,1,0
BRDA:36,9,0,0
BRDA:36,9,1,0
BRDA:39,10,0,0
BRDA:39,10,1,0
BRDA:40,11,0,0
BRDA:40,11,1,0
BRDA:46,12,0,0
BRDA:46,12,1,0
BRDA:60,13,0,0
BRDA:60,13,1,0
BRDA:64,14,0,0
BRDA:64,14,1,0
BRDA:65,15,0,0
BRDA:65,15,1,0
BRDA:69,16,0,0
BRDA:69,16,1,0
BRDA:76,17,0,0
BRDA:76,17,1,0
BRDA:77,18,0,0
BRDA:77,18,1,0
BRDA:93,19,0,0
BRDA:93,19,1,0
BRDA:94,20,0,0
BRDA:94,20,1,0
BRDA:94,21,0,0
BRDA:94,21,1,0
BRDA:95,22,0,0
BRDA:95,22,1,0
BRDA:98,23,0,0
BRDA:98,23,1,0
BRDA:99,24,0,0
BRDA:99,24,1,0
BRDA:100,25,0,0
BRDA:100,25,1,0
BRDA:101,26,0,0
BRDA:101,26,1,0
BRDA:103,27,0,0
BRDA:103,27,1,0
BRDA:106,28,0,0
BRDA:106,28,1,0
BRDA:106,29,0,0
BRDA:106,29,1,0
BRDA:115,30,0,0
BRDA:115,30,1,0
BRDA:120,31,0,0
BRDA:120,31,1,0
BRDA:121,32,0,0
BRDA:121,32,1,0
BRDA:121,33,0,0
BRDA:121,33,1,0
BRDA:121,34,0,0
BRDA:121,34,1,0
BRDA:122,35,0,0
BRDA:122,35,1,0
BRDA:122,36,0,0
BRDA:122,36,1,0
BRDA:144,37,0,0
BRDA:144,37,1,0
BRDA:145,38,0,0
BRDA:145,38,1,0
BRF:78
BRH:1
end_of_record
TN:
SF:src\react-easier\helpers\makeProxyFactory.js
FN:10,makeProxyFactory
FN:16,(anonymous_1)
FN:21,(anonymous_2)
FN:26,(anonymous_3)
FN:30,(anonymous_4)
FN:38,(anonymous_5)
FN:48,(anonymous_6)
FNF:7
FNH:2
FNDA:5,makeProxyFactory
FNDA:0,(anonymous_1)
FNDA:0,(anonymous_2)
FNDA:0,(anonymous_3)
FNDA:0,(anonymous_4)
FNDA:0,(anonymous_5)
FNDA:5,(anonymous_6)
DA:15,5
DA:17,0
DA:18,0
DA:21,0
DA:27,0
DA:28,0
DA:29,0
DA:30,0
DA:31,0
DA:32,0
DA:33,0
DA:34,0
DA:36,0
DA:39,0
DA:40,0
DA:41,0
DA:42,0
DA:43,0
DA:48,5
DA:51,5
LF:20
LH:3
BRDA:18,0,0,0
BRDA:18,0,1,0
BRDA:22,1,0,0
BRDA:22,1,1,0
BRDA:22,2,0,0
BRDA:22,2,1,0
BRDA:22,3,0,0
BRDA:22,3,1,0
BRDA:22,4,0,0
BRDA:22,4,1,0
BRDA:32,5,0,0
BRDA:32,5,1,0
BRDA:33,6,0,0
BRDA:33,6,1,0
BRDA:48,7,0,5
BRDA:48,7,1,0
BRDA:48,8,0,5
BRDA:48,8,1,5
BRF:18
BRH:3
end_of_record
TN:
SF:src\react-easier\helpers\reportErrors.js
FN:4,reportErrors
FN:7,(anonymous_1)
FN:22,(anonymous_2)
FN:22,(anonymous_3)
FN:35,styling
FNF:5
FNH:0
FNDA:0,reportErrors
FNDA:0,(anonymous_1)
FNDA:0,(anonymous_2)
FNDA:0,(anonymous_3)
FNDA:0,styling
DA:7,0
DA:10,0
DA:13,0
DA:14,0
DA:15,0
DA:16,0
DA:17,0
DA:22,0
DA:25,0
DA:26,0
DA:30,0
DA:36,0
LF:12
LH:0
BRDA:4,0,0,0
BRDA:10,1,0,0
BRDA:10,1,1,0
BRF:3
BRH:0
end_of_record
TN:
SF:src\react-easier\helpers\stack.js
FN:5,stack
FN:10,errorStack
FN:14,_stack
FN:21,(anonymous_3)
FN:28,(anonymous_4)
FN:32,(anonymous_5)
FNF:6
FNH:0
FNDA:0,stack
FNDA:0,errorStack
FNDA:0,_stack
FNDA:0,(anonymous_3)
FNDA:0,(anonymous_4)
FNDA:0,(anonymous_5)
DA:6,0
DA:11,0
DA:17,0
DA:20,0
DA:21,0
DA:22,0
DA:25,0
DA:26,0
DA:27,0
DA:29,0
DA:31,0
DA:32,0
DA:35,0
DA:37,0
LF:14
LH:0
BRDA:6,0,0,0
BRDA:6,0,1,0
BRDA:26,1,0,0
BRDA:26,1,1,0
BRDA:29,2,0,0
BRDA:29,2,1,0
BRDA:29,3,0,0
BRDA:29,3,1,0
BRF:8
BRH:0
end_of_record
TN:
SF:src\service\fetchService.js
FN:1,(anonymous_0)
FN:17,(anonymous_1)
FN:32,(anonymous_2)
FN:54,(anonymous_3)
FNF:4
FNH:0
FNDA:0,(anonymous_0)
FNDA:0,(anonymous_1)
FNDA:0,(anonymous_2)
FNDA:0,(anonymous_3)
DA:1,2
DA:2,0
DA:10,0
DA:11,0
DA:14,0
DA:17,2
DA:18,0
DA:25,0
DA:26,0
DA:29,0
DA:32,2
DA:33,0
DA:34,0
DA:36,0
DA:39,0
DA:41,0
DA:42,0
DA:43,0
DA:44,0
DA:47,0
DA:48,0
DA:50,0
DA:51,0
DA:54,2
DA:56,0
DA:57,0
DA:59,0
DA:61,0
DA:62,0
DA:63,0
LF:30
LH:4
BRDA:10,0,0,0
BRDA:10,0,1,0
BRDA:10,1,0,0
BRDA:10,1,1,0
BRDA:25,2,0,0
BRDA:25,2,1,0
BRDA:25,3,0,0
BRDA:25,3,1,0
BRDA:32,4,0,0
BRDA:32,5,0,0
BRDA:33,6,0,0
BRDA:33,6,1,0
BRDA:36,7,0,0
BRDA:36,7,1,0
BRDA:43,8,0,0
BRDA:43,8,1,0
BRDA:56,9,0,0
BRDA:56,9,1,0
BRF:18
BRH:0
end_of_record
TN:
SF:src\service\newDateFormat.js
FN:1,(anonymous_0)
FNF:1
FNH:1
FNDA:6,(anonymous_0)
DA:1,2
DA:2,6
DA:8,6
DA:11,6
DA:12,6
DA:14,6
DA:16,6
DA:19,6
DA:20,0
DA:22,6
DA:24,6
DA:26,6
LF:12
LH:11
BRDA:19,0,0,0
BRDA:19,0,1,6
BRDA:19,1,0,6
BRDA:19,1,1,6
BRDA:19,1,2,6
BRDA:19,1,3,6
BRDA:19,1,4,6
BRF:7
BRH:6
end_of_record
